<?xml version="1.0" encoding="UTF-8"?>
<testsuite xmlns:xsi="http://www.w3.org/2001/XMLSchema-instance" xsi:noNamespaceSchemaLocation="https://maven.apache.org/surefire/maven-surefire-plugin/xsd/surefire-test-report.xsd" version="3.0.2" name="com.claimswift.auth.AuthControllerTest" time="13.776" tests="3" errors="0" skipped="0" failures="0">
  <properties>
[...]
</properties>
  <testcase name="login_success" classname="com.claimswift.auth.AuthControllerTest" time="0.317">
    <system-out><![CDATA[12:29:46.641 [main] INFO org.springframework.test.context.support.AnnotationConfigContextLoaderUtils -- Could not detect default configuration classes for test class [com.claimswift.auth.AuthControllerTest]: AuthControllerTest does not declare any static, non-private, non-final, nested classes annotated with @Configuration.
12:29:46.921 [main] INFO org.springframework.boot.test.context.SpringBootTestContextBootstrapper -- Found @SpringBootConfiguration com.claimswift.auth.AuthServiceApplication for test class com.claimswift.auth.AuthControllerTest

  .   ____          _            __ _ _
 /\\ / ___'_ __ _ _(_)_ __  __ _ \ \ \ \
( ( )\___ | '_ | '_| | '_ \/ _` | \ \ \ \
 \\/  ___)| |_)| | | | | || (_| |  ) ) ) )
  '  |____| .__|_| |_|_| |_\__, | / / / /
 =========|_|==============|___/=/_/_/_/

 :: Spring Boot ::               (v3.5.11)

2026-03-01T12:29:47.811+05:30  INFO 18536 --- [auth-service] [           main] com.claimswift.auth.AuthControllerTest   : Starting AuthControllerTest using Java 21.0.9 with PID 18536 (started by k.navya in C:\Users\k.navya\claimswift\auth-service)
2026-03-01T12:29:47.813+05:30 DEBUG 18536 --- [auth-service] [           main] com.claimswift.auth.AuthControllerTest   : Running with Spring Boot v3.5.11, Spring v6.2.16
2026-03-01T12:29:47.814+05:30  INFO 18536 --- [auth-service] [           main] com.claimswift.auth.AuthControllerTest   : No active profile set, falling back to 1 default profile: "default"
2026-03-01T12:29:47.815+05:30 DEBUG 18536 --- [auth-service] [           main] o.s.boot.SpringApplication               : Loading source class com.claimswift.auth.AuthServiceApplication
2026-03-01T12:29:47.850+05:30 DEBUG 18536 --- [auth-service] [           main] o.s.w.c.s.GenericWebApplicationContext   : Refreshing org.springframework.web.context.support.GenericWebApplicationContext@7c453c34
2026-03-01T12:29:47.891+05:30 DEBUG 18536 --- [auth-service] [           main] o.s.b.f.s.DefaultListableBeanFactory     : Creating shared instance of singleton bean 'org.springframework.context.annotation.internalConfigurationAnnotationProcessor'
2026-03-01T12:29:47.918+05:30 DEBUG 18536 --- [auth-service] [           main] o.s.b.f.s.DefaultListableBeanFactory     : Creating shared instance of singleton bean 'org.springframework.boot.autoconfigure.internalCachingMetadataReaderFactory'
2026-03-01T12:29:48.025+05:30 DEBUG 18536 --- [auth-service] [           main] o.s.c.a.ClassPathBeanDefinitionScanner   : Identified candidate component class: file [C:\Users\k.navya\claimswift\auth-service\target\classes\com\claimswift\auth\config\JwtAuthFilter.class]
2026-03-01T12:29:48.032+05:30 DEBUG 18536 --- [auth-service] [           main] o.s.c.a.ClassPathBeanDefinitionScanner   : Identified candidate component class: file [C:\Users\k.navya\claimswift\auth-service\target\classes\com\claimswift\auth\config\SecurityConfig.class]
2026-03-01T12:29:48.053+05:30 DEBUG 18536 --- [auth-service] [           main] o.s.c.a.ClassPathBeanDefinitionScanner   : Identified candidate component class: file [C:\Users\k.navya\claimswift\auth-service\target\classes\com\claimswift\auth\controller\AuthController.class]
2026-03-01T12:29:48.057+05:30 DEBUG 18536 --- [auth-service] [           main] o.s.c.a.ClassPathBeanDefinitionScanner   : Identified candidate component class: file [C:\Users\k.navya\claimswift\auth-service\target\classes\com\claimswift\auth\controller\DashboardController.class]
2026-03-01T12:29:48.113+05:30 DEBUG 18536 --- [auth-service] [           main] o.s.c.a.ClassPathBeanDefinitionScanner   : Identified candidate component class: file [C:\Users\k.navya\claimswift\auth-service\target\classes\com\claimswift\auth\exception\GlobalExceptionHandler.class]
2026-03-01T12:29:48.126+05:30 DEBUG 18536 --- [auth-service] [           main] o.s.c.a.ClassPathBeanDefinitionScanner   : Ignored because not a concrete top-level class: file [C:\Users\k.navya\claimswift\auth-service\target\classes\com\claimswift\auth\repository\LoginAuditRepository.class]
2026-03-01T12:29:48.131+05:30 DEBUG 18536 --- [auth-service] [           main] o.s.c.a.ClassPathBeanDefinitionScanner   : Ignored because not a concrete top-level class: file [C:\Users\k.navya\claimswift\auth-service\target\classes\com\claimswift\auth\repository\UserRepository.class]
2026-03-01T12:29:48.138+05:30 DEBUG 18536 --- [auth-service] [           main] o.s.c.a.ClassPathBeanDefinitionScanner   : Identified candidate component class: file [C:\Users\k.navya\claimswift\auth-service\target\classes\com\claimswift\auth\service\AuthService.class]
2026-03-01T12:29:48.142+05:30 DEBUG 18536 --- [auth-service] [           main] o.s.c.a.ClassPathBeanDefinitionScanner   : Identified candidate component class: file [C:\Users\k.navya\claimswift\auth-service\target\classes\com\claimswift\auth\service\CustomUserDetailsService.class]
2026-03-01T12:29:48.144+05:30 DEBUG 18536 --- [auth-service] [           main] o.s.c.a.ClassPathBeanDefinitionScanner   : Identified candidate component class: file [C:\Users\k.navya\claimswift\auth-service\target\classes\com\claimswift\auth\service\EmailService.class]
2026-03-01T12:29:48.153+05:30 DEBUG 18536 --- [auth-service] [           main] o.s.c.a.ClassPathBeanDefinitionScanner   : Identified candidate component class: file [C:\Users\k.navya\claimswift\auth-service\target\classes\com\claimswift\auth\service\JwtService.class]
2026-03-01T12:29:48.159+05:30 DEBUG 18536 --- [auth-service] [           main] o.s.c.a.ClassPathBeanDefinitionScanner   : Identified candidate component class: file [C:\Users\k.navya\claimswift\auth-service\target\classes\com\claimswift\auth\service\TokenBlacklistService.class]
2026-03-01T12:29:49.948+05:30  INFO 18536 --- [auth-service] [           main] .s.d.r.c.RepositoryConfigurationDelegate : Bootstrapping Spring Data JPA repositories in DEFAULT mode.
2026-03-01T12:29:49.965+05:30 DEBUG 18536 --- [auth-service] [           main] o.s.b.f.s.DefaultListableBeanFactory     : Creating shared instance of singleton bean 'org.springframework.boot.autoconfigure.AutoConfigurationPackages'
2026-03-01T12:29:49.984+05:30 DEBUG 18536 --- [auth-service] [           main] o.s.b.a.AutoConfigurationPackages        : @EnableAutoConfiguration was declared on a class in the package 'com.claimswift.auth'. Automatic @Repository and @Entity scanning is enabled.
2026-03-01T12:29:49.987+05:30 DEBUG 18536 --- [auth-service] [           main] .s.d.r.c.RepositoryConfigurationDelegate : Scanning for JPA repositories in packages com.claimswift.auth.
2026-03-01T12:29:50.014+05:30 DEBUG 18536 --- [auth-service] [           main] o.s.d.r.c.RepositoryComponentProvider    : Identified candidate component class: file [C:\Users\k.navya\claimswift\auth-service\target\classes\com\claimswift\auth\repository\LoginAuditRepository.class]
2026-03-01T12:29:50.014+05:30 DEBUG 18536 --- [auth-service] [           main] o.s.d.r.c.RepositoryComponentProvider    : Identified candidate component class: file [C:\Users\k.navya\claimswift\auth-service\target\classes\com\claimswift\auth\repository\RoleRepository.class]
2026-03-01T12:29:50.015+05:30 DEBUG 18536 --- [auth-service] [           main] o.s.d.r.c.RepositoryComponentProvider    : Identified candidate component class: file [C:\Users\k.navya\claimswift\auth-service\target\classes\com\claimswift\auth\repository\UserRepository.class]
2026-03-01T12:29:50.132+05:30  INFO 18536 --- [auth-service] [           main] .s.d.r.c.RepositoryConfigurationDelegate : Finished Spring Data repository scanning in 141 ms. Found 3 JPA repository interfaces.
2026-03-01T12:29:50.311+05:30 DEBUG 18536 --- [auth-service] [           main] o.s.b.f.s.DefaultListableBeanFactory     : Creating shared instance of singleton bean 'org.springframework.boot.test.context.ImportsContextCustomizer$ImportsCleanupPostProcessor'
2026-03-01T12:29:50.311+05:30 DEBUG 18536 --- [auth-service] [           main] o.s.b.f.s.DefaultListableBeanFactory     : Creating shared instance of singleton bean 'springSecurityPathPatternParserBeanDefinitionRegistryPostProcessor'
2026-03-01T12:29:50.313+05:30 DEBUG 18536 --- [auth-service] [           main] o.s.b.f.s.DefaultListableBeanFactory     : Creating shared instance of singleton bean 'springSecurityHandlerMappingIntrospectorBeanDefinitionRegistryPostProcessor'
2026-03-01T12:29:50.513+05:30 DEBUG 18536 --- [auth-service] [           main] o.s.b.f.s.DefaultListableBeanFactory     : Creating shared instance of singleton bean 'propertySourcesPlaceholderConfigurer'
2026-03-01T12:29:50.522+05:30 DEBUG 18536 --- [auth-service] [           main] o.s.b.f.s.DefaultListableBeanFactory     : Creating shared instance of singleton bean 'org.springframework.boot.test.mock.mockito.MockitoPostProcessor'
2026-03-01T12:29:50.526+05:30 DEBUG 18536 --- [auth-service] [           main] o.s.b.f.s.DefaultListableBeanFactory     : Creating shared instance of singleton bean 'emBeanDefinitionRegistrarPostProcessor'
2026-03-01T12:29:50.527+05:30 DEBUG 18536 --- [auth-service] [           main] o.s.b.f.s.DefaultListableBeanFactory     : Creating shared instance of singleton bean 'org.springframework.boot.sql.init.dependency.DatabaseInitializationDependencyConfigurer$DependsOnDatabaseInitializationPostProcessor'
2026-03-01T12:29:52.637+05:30 DEBUG 18536 --- [auth-service] [           main] o.s.b.f.s.DefaultListableBeanFactory     : Creating shared instance of singleton bean 'org.springframework.context.event.internalEventListenerProcessor'
2026-03-01T12:29:52.648+05:30 DEBUG 18536 --- [auth-service] [           main] o.s.b.f.s.DefaultListableBeanFactory     : Creating shared instance of singleton bean 'bootstrapExecutorAliasPostProcessor'
2026-03-01T12:29:52.651+05:30 DEBUG 18536 --- [auth-service] [           main] o.s.b.f.s.DefaultListableBeanFactory     : Creating shared instance of singleton bean 'preserveErrorControllerTargetClassPostProcessor'
2026-03-01T12:29:52.653+05:30 DEBUG 18536 --- [auth-service] [           main] o.s.b.f.s.DefaultListableBeanFactory     : Creating shared instance of singleton bean 'conversionServicePostProcessor'
2026-03-01T12:29:52.688+05:30 DEBUG 18536 --- [auth-service] [           main] o.s.b.f.s.DefaultListableBeanFactory     : Creating shared instance of singleton bean 'org.springframework.context.event.internalEventListenerFactory'
2026-03-01T12:29:52.689+05:30 DEBUG 18536 --- [auth-service] [           main] o.s.b.f.s.DefaultListableBeanFactory     : Creating shared instance of singleton bean 'org.springframework.transaction.config.internalTransactionalEventListenerFactory'
2026-03-01T12:29:52.713+05:30 DEBUG 18536 --- [auth-service] [           main] o.s.b.f.s.DefaultListableBeanFactory     : Creating shared instance of singleton bean 'org.springframework.context.annotation.internalAutowiredAnnotationProcessor'
2026-03-01T12:29:52.724+05:30 DEBUG 18536 --- [auth-service] [           main] o.s.b.f.s.DefaultListableBeanFactory     : Creating shared instance of singleton bean 'org.springframework.context.annotation.internalCommonAnnotationProcessor'
2026-03-01T12:29:52.747+05:30 DEBUG 18536 --- [auth-service] [           main] o.s.b.f.s.DefaultListableBeanFactory     : Creating shared instance of singleton bean 'org.springframework.context.annotation.internalPersistenceAnnotationProcessor'
2026-03-01T12:29:52.748+05:30 DEBUG 18536 --- [auth-service] [           main] o.s.b.f.s.DefaultListableBeanFactory     : Creating shared instance of singleton bean 'org.springframework.boot.test.mock.mockito.MockitoPostProcessor$SpyPostProcessor'
2026-03-01T12:29:52.750+05:30 DEBUG 18536 --- [auth-service] [           main] o.s.b.f.s.DefaultListableBeanFactory     : Creating shared instance of singleton bean 'org.springframework.boot.context.properties.ConfigurationPropertiesBindingPostProcessor'
2026-03-01T12:29:52.751+05:30 DEBUG 18536 --- [auth-service] [           main] o.s.b.f.s.DefaultListableBeanFactory     : Creating shared instance of singleton bean 'org.springframework.boot.context.internalConfigurationPropertiesBinder'
2026-03-01T12:29:52.766+05:30 DEBUG 18536 --- [auth-service] [           main] o.s.b.f.s.DefaultListableBeanFactory     : Creating shared instance of singleton bean 'jdbcConnectionDetailsHikariBeanPostProcessor'
2026-03-01T12:29:52.787+05:30 DEBUG 18536 --- [auth-service] [           main] o.s.b.f.s.DefaultListableBeanFactory     : Creating shared instance of singleton bean 'org.springframework.aop.config.internalAutoProxyCreator'
2026-03-01T12:29:52.896+05:30 DEBUG 18536 --- [auth-service] [           main] o.s.b.f.s.DefaultListableBeanFactory     : Creating shared instance of singleton bean 'methodValidationPostProcessor'
2026-03-01T12:29:52.902+05:30 DEBUG 18536 --- [auth-service] [           main] o.s.b.f.s.DefaultListableBeanFactory     : Autowiring by type from bean name 'methodValidationPostProcessor' via factory method to bean named 'environment'
2026-03-01T12:29:52.951+05:30 DEBUG 18536 --- [auth-service] [           main] o.s.b.f.s.DefaultListableBeanFactory     : Creating shared instance of singleton bean 'org.springframework.boot.context.properties.EnableConfigurationPropertiesRegistrar.methodValidationExcludeFilter'
2026-03-01T12:29:53.014+05:30 DEBUG 18536 --- [auth-service] [           main] o.s.b.f.s.DefaultListableBeanFactory     : Creating shared instance of singleton bean 'persistenceExceptionTranslationPostProcessor'
2026-03-01T12:29:53.016+05:30 DEBUG 18536 --- [auth-service] [           main] o.s.b.f.s.DefaultListableBeanFactory     : Autowiring by type from bean name 'persistenceExceptionTranslationPostProcessor' via factory method to bean named 'environment'
2026-03-01T12:29:53.022+05:30 DEBUG 18536 --- [auth-service] [           main] o.s.b.f.s.DefaultListableBeanFactory     : Creating shared instance of singleton bean 'webServerFactoryCustomizerBeanPostProcessor'
2026-03-01T12:29:53.025+05:30 DEBUG 18536 --- [auth-service] [           main] o.s.b.f.s.DefaultListableBeanFactory     : Creating shared instance of singleton bean 'errorPageRegistrarBeanPostProcessor'
2026-03-01T12:29:53.026+05:30 DEBUG 18536 --- [auth-service] [           main] o.s.b.f.s.DefaultListableBeanFactory     : Creating shared instance of singleton bean 'healthEndpointGroupsBeanPostProcessor'
2026-03-01T12:29:53.031+05:30 DEBUG 18536 --- [auth-service] [           main] o.s.b.f.s.DefaultListableBeanFactory     : Creating shared instance of singleton bean 'preFilterAuthorizationAdvisor'
2026-03-01T12:29:53.033+05:30 DEBUG 18536 --- [auth-service] [           main] o.s.b.f.s.DefaultListableBeanFactory     : Creating shared instance of singleton bean 'preFilterAuthorizationMethodInterceptor'
2026-03-01T12:29:53.112+05:30 DEBUG 18536 --- [auth-service] [           main] o.s.b.f.s.DefaultListableBeanFactory     : Creating shared instance of singleton bean 'preAuthorizeAuthorizationAdvisor'
2026-03-01T12:29:53.112+05:30 DEBUG 18536 --- [auth-service] [           main] o.s.b.f.s.DefaultListableBeanFactory     : Creating shared instance of singleton bean 'preAuthorizeAuthorizationMethodInterceptor'
2026-03-01T12:29:53.115+05:30 DEBUG 18536 --- [auth-service] [           main] o.s.b.f.s.DefaultListableBeanFactory     : Creating shared instance of singleton bean 'postFilterAuthorizationAdvisor'
2026-03-01T12:29:53.115+05:30 DEBUG 18536 --- [auth-service] [           main] o.s.b.f.s.DefaultListableBeanFactory     : Creating shared instance of singleton bean 'postFilterAuthorizationMethodInterceptor'
2026-03-01T12:29:53.118+05:30 DEBUG 18536 --- [auth-service] [           main] o.s.b.f.s.DefaultListableBeanFactory     : Creating shared instance of singleton bean 'postAuthorizeAuthorizationAdvisor'
2026-03-01T12:29:53.118+05:30 DEBUG 18536 --- [auth-service] [           main] o.s.b.f.s.DefaultListableBeanFactory     : Creating shared instance of singleton bean 'postAuthorizeAuthorizationMethodInterceptor'
2026-03-01T12:29:53.121+05:30 DEBUG 18536 --- [auth-service] [           main] o.s.b.f.s.DefaultListableBeanFactory     : Creating shared instance of singleton bean 'authorizeReturnObjectAdvisor'
2026-03-01T12:29:53.122+05:30 DEBUG 18536 --- [auth-service] [           main] o.s.b.f.s.DefaultListableBeanFactory     : Creating shared instance of singleton bean 'authorizeReturnObjectMethodInterceptor'
2026-03-01T12:29:53.129+05:30 DEBUG 18536 --- [auth-service] [           main] o.s.b.f.s.DefaultListableBeanFactory     : Creating shared instance of singleton bean 'org.springframework.transaction.config.internalTransactionAdvisor'
2026-03-01T12:29:53.129+05:30 DEBUG 18536 --- [auth-service] [           main] o.s.b.f.s.DefaultListableBeanFactory     : Creating shared instance of singleton bean 'org.springframework.transaction.annotation.ProxyTransactionManagementConfiguration'
2026-03-01T12:29:53.164+05:30 DEBUG 18536 --- [auth-service] [           main] o.s.b.f.s.DefaultListableBeanFactory     : Creating shared instance of singleton bean 'transactionAttributeSource'
2026-03-01T12:29:53.174+05:30 DEBUG 18536 --- [auth-service] [           main] o.s.b.f.s.DefaultListableBeanFactory     : Creating shared instance of singleton bean 'transactionInterceptor'
2026-03-01T12:29:53.174+05:30 DEBUG 18536 --- [auth-service] [           main] o.s.b.f.s.DefaultListableBeanFactory     : Autowiring by type from bean name 'transactionInterceptor' via factory method to bean named 'transactionAttributeSource'
2026-03-01T12:29:53.192+05:30 DEBUG 18536 --- [auth-service] [           main] o.s.b.f.s.DefaultListableBeanFactory     : Autowiring by type from bean name 'org.springframework.transaction.config.internalTransactionAdvisor' via factory method to bean named 'transactionAttributeSource'
2026-03-01T12:29:53.192+05:30 DEBUG 18536 --- [auth-service] [           main] o.s.b.f.s.DefaultListableBeanFactory     : Autowiring by type from bean name 'org.springframework.transaction.config.internalTransactionAdvisor' via factory method to bean named 'transactionInterceptor'
2026-03-01T12:29:53.206+05:30 DEBUG 18536 --- [auth-service] [           main] o.s.b.f.s.DefaultListableBeanFactory     : Creating shared instance of singleton bean 'meterRegistryPostProcessor'
2026-03-01T12:29:53.208+05:30 DEBUG 18536 --- [auth-service] [           main] o.s.b.f.s.DefaultListableBeanFactory     : Autowiring by type from bean name 'meterRegistryPostProcessor' via factory method to bean named 'org.springframework.web.context.support.GenericWebApplicationContext@7c453c34'
2026-03-01T12:29:53.221+05:30 DEBUG 18536 --- [auth-service] [           main] o.s.b.f.s.DefaultListableBeanFactory     : Creating shared instance of singleton bean 'metricsRepositoryMethodInvocationListenerBeanPostProcessor'
2026-03-01T12:29:53.225+05:30 DEBUG 18536 --- [auth-service] [           main] o.s.b.f.s.DefaultListableBeanFactory     : Creating shared instance of singleton bean 'observationRegistryPostProcessor'
2026-03-01T12:29:53.234+05:30 DEBUG 18536 --- [auth-service] [           main] o.s.b.f.s.DefaultListableBeanFactory     : Creating shared instance of singleton bean 'projectingArgumentResolverBeanPostProcessor'
2026-03-01T12:29:53.331+05:30 DEBUG 18536 --- [auth-service] [           main] o.s.u.c.s.UiApplicationContextUtils      : Unable to locate ThemeSource with name 'themeSource': using default [org.springframework.ui.context.support.ResourceBundleThemeSource@55abf66a]
2026-03-01T12:29:53.334+05:30 DEBUG 18536 --- [auth-service] [           main] o.s.b.f.s.DefaultListableBeanFactory     : Creating shared instance of singleton bean 'applicationTaskExecutor'
2026-03-01T12:29:53.335+05:30 DEBUG 18536 --- [auth-service] [           main] o.s.b.f.s.DefaultListableBeanFactory     : Creating shared instance of singleton bean 'org.springframework.boot.autoconfigure.task.TaskExecutorConfigurations$TaskExecutorConfiguration'
2026-03-01T12:29:53.339+05:30 DEBUG 18536 --- [auth-service] [           main] o.s.b.f.s.DefaultListableBeanFactory     : Creating shared instance of singleton bean 'threadPoolTaskExecutorBuilder'
2026-03-01T12:29:53.340+05:30 DEBUG 18536 --- [auth-service] [           main] o.s.b.f.s.DefaultListableBeanFactory     : Creating shared instance of singleton bean 'org.springframework.boot.autoconfigure.task.TaskExecutorConfigurations$ThreadPoolTaskExecutorBuilderConfiguration'
2026-03-01T12:29:53.345+05:30 DEBUG 18536 --- [auth-service] [           main] o.s.b.f.s.DefaultListableBeanFactory     : Creating shared instance of singleton bean 'spring.task.execution-org.springframework.boot.autoconfigure.task.TaskExecutionProperties'
2026-03-01T12:29:53.349+05:30 DEBUG 18536 --- [auth-service] [           main] o.s.b.f.s.DefaultListableBeanFactory     : Creating shared instance of singleton bean 'org.springframework.boot.context.properties.BoundConfigurationProperties'
2026-03-01T12:29:53.381+05:30 DEBUG 18536 --- [auth-service] [           main] o.s.b.f.s.DefaultListableBeanFactory     : Autowiring by type from bean name 'threadPoolTaskExecutorBuilder' via factory method to bean named 'spring.task.execution-org.springframework.boot.autoconfigure.task.TaskExecutionProperties'
2026-03-01T12:29:53.388+05:30 DEBUG 18536 --- [auth-service] [           main] o.s.b.f.s.DefaultListableBeanFactory     : Autowiring by type from bean name 'applicationTaskExecutor' via factory method to bean named 'threadPoolTaskExecutorBuilder'
2026-03-01T12:29:53.412+05:30 DEBUG 18536 --- [auth-service] [           main] o.s.s.concurrent.ThreadPoolTaskExecutor  : Initializing ExecutorService 'applicationTaskExecutor'
2026-03-01T12:29:53.436+05:30 DEBUG 18536 --- [auth-service] [           main] o.s.b.f.s.DefaultListableBeanFactory     : Creating shared instance of singleton bean 'org.springframework.test.context.support.internalDynamicPropertyRegistrarBeanInitializer'
2026-03-01T12:29:53.441+05:30 DEBUG 18536 --- [auth-service] [           main] o.s.b.f.s.DefaultListableBeanFactory     : Creating shared instance of singleton bean 'dataSourceScriptDatabaseInitializer'
2026-03-01T12:29:53.442+05:30 DEBUG 18536 --- [auth-service] [           main] o.s.b.f.s.DefaultListableBeanFactory     : Creating shared instance of singleton bean 'org.springframework.boot.autoconfigure.sql.init.DataSourceInitializationConfiguration'
2026-03-01T12:29:53.445+05:30 DEBUG 18536 --- [auth-service] [           main] o.s.b.f.s.DefaultListableBeanFactory     : Creating shared instance of singleton bean 'dataSource'
2026-03-01T12:29:53.445+05:30 DEBUG 18536 --- [auth-service] [           main] o.s.b.f.s.DefaultListableBeanFactory     : Creating shared instance of singleton bean 'org.springframework.boot.autoconfigure.jdbc.DataSourceConfiguration$Hikari'
2026-03-01T12:29:53.449+05:30 DEBUG 18536 --- [auth-service] [           main] o.s.b.f.s.DefaultListableBeanFactory     : Creating shared instance of singleton bean 'spring.datasource-org.springframework.boot.autoconfigure.jdbc.DataSourceProperties'
2026-03-01T12:29:53.482+05:30 DEBUG 18536 --- [auth-service] [           main] o.s.b.f.s.DefaultListableBeanFactory     : Creating shared instance of singleton bean 'jdbcConnectionDetails'
2026-03-01T12:29:53.483+05:30 DEBUG 18536 --- [auth-service] [           main] o.s.b.f.s.DefaultListableBeanFactory     : Creating shared instance of singleton bean 'org.springframework.boot.autoconfigure.jdbc.DataSourceAutoConfiguration$PooledDataSourceConfiguration'
2026-03-01T12:29:53.486+05:30 DEBUG 18536 --- [auth-service] [           main] o.s.b.f.s.DefaultListableBeanFactory     : Autowiring by type from bean name 'jdbcConnectionDetails' via factory method to bean named 'spring.datasource-org.springframework.boot.autoconfigure.jdbc.DataSourceProperties'
2026-03-01T12:29:53.488+05:30 DEBUG 18536 --- [auth-service] [           main] o.s.b.f.s.DefaultListableBeanFactory     : Autowiring by type from bean name 'dataSource' via factory method to bean named 'spring.datasource-org.springframework.boot.autoconfigure.jdbc.DataSourceProperties'
2026-03-01T12:29:53.489+05:30 DEBUG 18536 --- [auth-service] [           main] o.s.b.f.s.DefaultListableBeanFactory     : Autowiring by type from bean name 'dataSource' via factory method to bean named 'jdbcConnectionDetails'
2026-03-01T12:29:53.489+05:30 DEBUG 18536 --- [auth-service] [           main] o.s.b.f.s.DefaultListableBeanFactory     : Autowiring by type from bean name 'dataSource' via factory method to bean named 'environment'
2026-03-01T12:29:53.555+05:30 DEBUG 18536 --- [auth-service] [           main] o.s.b.f.s.DefaultListableBeanFactory     : Creating shared instance of singleton bean 'spring.sql.init-org.springframework.boot.autoconfigure.sql.init.SqlInitializationProperties'
2026-03-01T12:29:53.561+05:30 DEBUG 18536 --- [auth-service] [           main] o.s.b.f.s.DefaultListableBeanFactory     : Autowiring by type from bean name 'dataSourceScriptDatabaseInitializer' via factory method to bean named 'dataSource'
2026-03-01T12:29:53.561+05:30 DEBUG 18536 --- [auth-service] [           main] o.s.b.f.s.DefaultListableBeanFactory     : Autowiring by type from bean name 'dataSourceScriptDatabaseInitializer' via factory method to bean named 'spring.sql.init-org.springframework.boot.autoconfigure.sql.init.SqlInitializationProperties'
2026-03-01T12:29:53.577+05:30 DEBUG 18536 --- [auth-service] [           main] o.s.b.f.s.DefaultListableBeanFactory     : Creating shared instance of singleton bean 'entityManagerFactory'
2026-03-01T12:29:53.578+05:30 DEBUG 18536 --- [auth-service] [           main] o.s.b.f.s.DefaultListableBeanFactory     : Creating shared instance of singleton bean 'org.springframework.boot.autoconfigure.orm.jpa.HibernateJpaConfiguration'
2026-03-01T12:29:53.585+05:30 DEBUG 18536 --- [auth-service] [           main] o.s.b.f.s.DefaultListableBeanFactory     : Creating shared instance of singleton bean 'spring.jpa-org.springframework.boot.autoconfigure.orm.jpa.JpaProperties'
2026-03-01T12:29:53.595+05:30 DEBUG 18536 --- [auth-service] [           main] o.s.b.f.s.DefaultListableBeanFactory     : Creating shared instance of singleton bean 'spring.jpa.hibernate-org.springframework.boot.autoconfigure.orm.jpa.HibernateProperties'
2026-03-01T12:29:53.600+05:30 DEBUG 18536 --- [auth-service] [           main] o.s.b.f.s.DefaultListableBeanFactory     : Autowiring by type from bean name 'org.springframework.boot.autoconfigure.orm.jpa.HibernateJpaConfiguration' via constructor to bean named 'dataSource'
2026-03-01T12:29:53.600+05:30 DEBUG 18536 --- [auth-service] [           main] o.s.b.f.s.DefaultListableBeanFactory     : Autowiring by type from bean name 'org.springframework.boot.autoconfigure.orm.jpa.HibernateJpaConfiguration' via constructor to bean named 'spring.jpa-org.springframework.boot.autoconfigure.orm.jpa.JpaProperties'
2026-03-01T12:29:53.601+05:30 DEBUG 18536 --- [auth-service] [           main] o.s.b.f.s.DefaultListableBeanFactory     : Autowiring by type from bean name 'org.springframework.boot.autoconfigure.orm.jpa.HibernateJpaConfiguration' via constructor to bean named 'org.springframework.beans.factory.support.DefaultListableBeanFactory@68b3248a'
2026-03-01T12:29:53.601+05:30 DEBUG 18536 --- [auth-service] [           main] o.s.b.f.s.DefaultListableBeanFactory     : Autowiring by type from bean name 'org.springframework.boot.autoconfigure.orm.jpa.HibernateJpaConfiguration' via constructor to bean named 'spring.jpa.hibernate-org.springframework.boot.autoconfigure.orm.jpa.HibernateProperties'
2026-03-01T12:29:53.612+05:30 DEBUG 18536 --- [auth-service] [           main] o.s.b.f.s.DefaultListableBeanFactory     : Creating shared instance of singleton bean 'hikariPoolDataSourceMetadataProvider'
2026-03-01T12:29:53.614+05:30 DEBUG 18536 --- [auth-service] [           main] o.s.b.f.s.DefaultListableBeanFactory     : Creating shared instance of singleton bean 'org.springframework.boot.autoconfigure.jdbc.metadata.DataSourcePoolMetadataProvidersConfiguration$HikariPoolDataSourceMetadataProviderConfiguration'
2026-03-01T12:29:53.630+05:30 DEBUG 18536 --- [auth-service] [           main] o.s.b.f.s.DefaultListableBeanFactory     : Creating shared instance of singleton bean 'entityManagerFactoryBuilder'
2026-03-01T12:29:53.632+05:30 DEBUG 18536 --- [auth-service] [           main] o.s.b.f.s.DefaultListableBeanFactory     : Creating shared instance of singleton bean 'jpaVendorAdapter'
2026-03-01T12:29:53.671+05:30 DEBUG 18536 --- [auth-service] [           main] o.s.b.f.s.DefaultListableBeanFactory     : Autowiring by type from bean name 'entityManagerFactoryBuilder' via factory method to bean named 'jpaVendorAdapter'
2026-03-01T12:29:53.681+05:30 DEBUG 18536 --- [auth-service] [           main] o.s.b.f.s.DefaultListableBeanFactory     : Creating shared instance of singleton bean 'persistenceManagedTypes'
2026-03-01T12:29:53.686+05:30 DEBUG 18536 --- [auth-service] [           main] o.s.b.f.s.DefaultListableBeanFactory     : Autowiring by type from bean name 'persistenceManagedTypes' via factory method to bean named 'org.springframework.beans.factory.support.DefaultListableBeanFactory@68b3248a'
2026-03-01T12:29:53.686+05:30 DEBUG 18536 --- [auth-service] [           main] o.s.b.f.s.DefaultListableBeanFactory     : Autowiring by type from bean name 'persistenceManagedTypes' via factory method to bean named 'org.springframework.web.context.support.GenericWebApplicationContext@7c453c34'
2026-03-01T12:29:53.710+05:30 DEBUG 18536 --- [auth-service] [           main] o.s.b.f.s.DefaultListableBeanFactory     : Autowiring by type from bean name 'entityManagerFactory' via factory method to bean named 'entityManagerFactoryBuilder'
2026-03-01T12:29:53.711+05:30 DEBUG 18536 --- [auth-service] [           main] o.s.b.f.s.DefaultListableBeanFactory     : Autowiring by type from bean name 'entityManagerFactory' via factory method to bean named 'persistenceManagedTypes'
2026-03-01T12:29:53.771+05:30 DEBUG 18536 --- [auth-service] [           main] j.LocalContainerEntityManagerFactoryBean : Building JPA container EntityManagerFactory for persistence unit 'default'
2026-03-01T12:29:53.837+05:30  INFO 18536 --- [auth-service] [           main] o.hibernate.jpa.internal.util.LogHelper  : HHH000204: Processing PersistenceUnitInfo [name: default]
2026-03-01T12:29:54.016+05:30  INFO 18536 --- [auth-service] [           main] org.hibernate.Version                    : HHH000412: Hibernate ORM core version 6.6.42.Final
2026-03-01T12:29:54.110+05:30  INFO 18536 --- [auth-service] [           main] o.h.c.internal.RegionFactoryInitiator    : HHH000026: Second-level cache disabled
2026-03-01T12:29:54.467+05:30  INFO 18536 --- [auth-service] [           main] o.s.o.j.p.SpringPersistenceUnitInfo      : No LoadTimeWeaver setup: ignoring JPA class transformer
2026-03-01T12:29:54.551+05:30  INFO 18536 --- [auth-service] [           main] com.zaxxer.hikari.HikariDataSource       : HikariPool-1 - Starting...
2026-03-01T12:29:55.220+05:30  INFO 18536 --- [auth-service] [           main] com.zaxxer.hikari.pool.HikariPool        : HikariPool-1 - Added connection com.mysql.cj.jdbc.ConnectionImpl@80cb5f6
2026-03-01T12:29:55.223+05:30  INFO 18536 --- [auth-service] [           main] com.zaxxer.hikari.HikariDataSource       : HikariPool-1 - Start completed.
2026-03-01T12:29:55.414+05:30  INFO 18536 --- [auth-service] [           main] org.hibernate.orm.connections.pooling    : HHH10001005: Database info:
	Database JDBC URL [Connecting through datasource 'HikariDataSource (HikariPool-1)']
	Database driver: undefined/unknown
	Database version: 8.0.41
	Autocommit mode: undefined/unknown
	Isolation level: undefined/unknown
	Minimum pool size: undefined/unknown
	Maximum pool size: undefined/unknown
2026-03-01T12:29:57.087+05:30  INFO 18536 --- [auth-service] [           main] o.h.e.t.j.p.i.JtaPlatformInitiator       : HHH000489: No JTA platform available (set 'hibernate.transaction.jta.platform' to enable JTA platform integration)
2026-03-01T12:29:57.247+05:30  INFO 18536 --- [auth-service] [           main] j.LocalContainerEntityManagerFactoryBean : Initialized JPA EntityManagerFactory for persistence unit 'default'
2026-03-01T12:29:57.258+05:30 DEBUG 18536 --- [auth-service] [           main] o.s.b.f.s.DefaultListableBeanFactory     : Creating shared instance of singleton bean 'authServiceApplication'
2026-03-01T12:29:57.260+05:30 DEBUG 18536 --- [auth-service] [           main] o.s.b.f.s.DefaultListableBeanFactory     : Creating shared instance of singleton bean 'jwtAuthFilter'
2026-03-01T12:29:57.262+05:30 DEBUG 18536 --- [auth-service] [           main] o.s.b.f.s.DefaultListableBeanFactory     : Creating shared instance of singleton bean 'jwtService'
2026-03-01T12:29:57.266+05:30 DEBUG 18536 --- [auth-service] [           main] o.s.b.f.s.DefaultListableBeanFactory     : Creating shared instance of singleton bean 'tokenBlacklistService'
2026-03-01T12:29:57.267+05:30 DEBUG 18536 --- [auth-service] [           main] o.s.b.f.s.DefaultListableBeanFactory     : Autowiring by type from bean name 'jwtAuthFilter' via constructor to bean named 'jwtService'
2026-03-01T12:29:57.267+05:30 DEBUG 18536 --- [auth-service] [           main] o.s.b.f.s.DefaultListableBeanFactory     : Autowiring by type from bean name 'jwtAuthFilter' via constructor to bean named 'tokenBlacklistService'
2026-03-01T12:29:57.269+05:30 DEBUG 18536 --- [auth-service] [           main] o.s.b.f.s.DefaultListableBeanFactory     : Creating shared instance of singleton bean 'securityConfig'
2026-03-01T12:29:57.270+05:30 DEBUG 18536 --- [auth-service] [           main] o.s.b.f.s.DefaultListableBeanFactory     : Creating shared instance of singleton bean 'customUserDetailsService'
2026-03-01T12:29:57.271+05:30 DEBUG 18536 --- [auth-service] [           main] o.s.b.f.s.DefaultListableBeanFactory     : Creating shared instance of singleton bean 'userRepository'
2026-03-01T12:29:57.280+05:30 DEBUG 18536 --- [auth-service] [           main] o.s.b.f.s.DefaultListableBeanFactory     : Creating shared instance of singleton bean 'jpa.named-queries#2'
2026-03-01T12:29:57.285+05:30 DEBUG 18536 --- [auth-service] [           main] o.s.b.f.s.DefaultListableBeanFactory     : Creating shared instance of singleton bean 'jpa.UserRepository.fragments#0'
2026-03-01T12:29:57.291+05:30 DEBUG 18536 --- [auth-service] [           main] o.s.b.f.s.DefaultListableBeanFactory     : Creating shared instance of singleton bean 'jpaSharedEM_entityManagerFactory'
2026-03-01T12:29:57.324+05:30 DEBUG 18536 --- [auth-service] [           main] o.s.b.f.s.DefaultListableBeanFactory     : Creating shared instance of singleton bean 'jpaMappingContext'
2026-03-01T12:29:57.325+05:30 DEBUG 18536 --- [auth-service] [           main] .c.JpaMetamodelMappingContextFactoryBean : Initializing JpaMetamodelMappingContext…
2026-03-01T12:29:57.358+05:30 DEBUG 18536 --- [auth-service] [           main] .c.JpaMetamodelMappingContextFactoryBean : Finished initializing JpaMetamodelMappingContext
2026-03-01T12:29:57.419+05:30 DEBUG 18536 --- [auth-service] [           main] o.s.b.f.s.DefaultListableBeanFactory     : Creating shared instance of singleton bean 'metricsRepositoryMethodInvocationListener'
2026-03-01T12:29:57.419+05:30 DEBUG 18536 --- [auth-service] [           main] o.s.b.f.s.DefaultListableBeanFactory     : Creating shared instance of singleton bean 'org.springframework.boot.actuate.autoconfigure.metrics.data.RepositoryMetricsAutoConfiguration'
2026-03-01T12:29:57.419+05:30 DEBUG 18536 --- [auth-service] [           main] o.s.b.f.s.DefaultListableBeanFactory     : Creating shared instance of singleton bean 'management.metrics-org.springframework.boot.actuate.autoconfigure.metrics.MetricsProperties'
2026-03-01T12:29:57.425+05:30 DEBUG 18536 --- [auth-service] [           main] o.s.b.f.s.DefaultListableBeanFactory     : Autowiring by type from bean name 'org.springframework.boot.actuate.autoconfigure.metrics.data.RepositoryMetricsAutoConfiguration' via constructor to bean named 'management.metrics-org.springframework.boot.actuate.autoconfigure.metrics.MetricsProperties'
2026-03-01T12:29:57.426+05:30 DEBUG 18536 --- [auth-service] [           main] o.s.b.f.s.DefaultListableBeanFactory     : Creating shared instance of singleton bean 'repositoryTagsProvider'
2026-03-01T12:29:57.431+05:30 DEBUG 18536 --- [auth-service] [           main] o.s.b.f.s.DefaultListableBeanFactory     : Autowiring by type from bean name 'metricsRepositoryMethodInvocationListener' via factory method to bean named 'repositoryTagsProvider'
2026-03-01T12:29:57.501+05:30 DEBUG 18536 --- [auth-service] [           main] o.s.d.r.c.s.RepositoryFactorySupport     : Initializing repository instance for com.claimswift.auth.repository.UserRepository…
2026-03-01T12:29:57.605+05:30 DEBUG 18536 --- [auth-service] [           main] o.s.d.jpa.repository.query.NamedQuery    : Looking up named query 'User.findByUsername'
2026-03-01T12:29:57.681+05:30 DEBUG 18536 --- [auth-service] [           main] o.s.d.jpa.repository.query.NamedQuery    : Did not find named query User.findByUsername
2026-03-01T12:29:57.765+05:30 DEBUG 18536 --- [auth-service] [           main] o.s.d.jpa.repository.query.NamedQuery    : Looking up named query 'User.existsByUsername'
2026-03-01T12:29:57.765+05:30 DEBUG 18536 --- [auth-service] [           main] o.s.d.jpa.repository.query.NamedQuery    : Did not find named query User.existsByUsername
2026-03-01T12:29:57.770+05:30 DEBUG 18536 --- [auth-service] [           main] o.s.d.jpa.repository.query.NamedQuery    : Looking up named query 'User.findByEmail'
2026-03-01T12:29:57.770+05:30 DEBUG 18536 --- [auth-service] [           main] o.s.d.jpa.repository.query.NamedQuery    : Did not find named query User.findByEmail
2026-03-01T12:29:57.774+05:30 DEBUG 18536 --- [auth-service] [           main] o.s.d.r.c.s.RepositoryFactorySupport     : Finished creation of repository instance for com.claimswift.auth.repository.UserRepository.
2026-03-01T12:29:57.784+05:30 DEBUG 18536 --- [auth-service] [           main] o.s.b.f.s.DefaultListableBeanFactory     : Autowiring by type from bean name 'customUserDetailsService' via constructor to bean named 'userRepository'
2026-03-01T12:29:57.786+05:30 DEBUG 18536 --- [auth-service] [           main] o.s.b.f.s.DefaultListableBeanFactory     : Autowiring by type from bean name 'securityConfig' via constructor to bean named 'jwtAuthFilter'
2026-03-01T12:29:57.786+05:30 DEBUG 18536 --- [auth-service] [           main] o.s.b.f.s.DefaultListableBeanFactory     : Autowiring by type from bean name 'securityConfig' via constructor to bean named 'customUserDetailsService'
2026-03-01T12:29:57.789+05:30 DEBUG 18536 --- [auth-service] [           main] o.s.b.f.s.DefaultListableBeanFactory     : Creating shared instance of singleton bean 'authController'
2026-03-01T12:29:57.792+05:30 DEBUG 18536 --- [auth-service] [           main] o.s.b.f.s.DefaultListableBeanFactory     : Autowiring by type from bean name 'authController' via constructor to bean named 'authService'
2026-03-01T12:29:57.832+05:30 DEBUG 18536 --- [auth-service] [           main] o.s.b.f.s.DefaultListableBeanFactory     : Creating shared instance of singleton bean 'dashboardController'
2026-03-01T12:29:57.844+05:30 DEBUG 18536 --- [auth-service] [           main] o.s.b.f.s.DefaultListableBeanFactory     : Creating shared instance of singleton bean 'globalExceptionHandler'
2026-03-01T12:29:57.848+05:30 DEBUG 18536 --- [auth-service] [           main] o.s.b.f.s.DefaultListableBeanFactory     : Creating shared instance of singleton bean 'emailService'
2026-03-01T12:29:57.849+05:30 DEBUG 18536 --- [auth-service] [           main] o.s.b.f.s.DefaultListableBeanFactory     : Creating shared instance of singleton bean 'mailSender'
2026-03-01T12:29:57.849+05:30 DEBUG 18536 --- [auth-service] [           main] o.s.b.f.s.DefaultListableBeanFactory     : Creating shared instance of singleton bean 'org.springframework.boot.autoconfigure.mail.MailSenderPropertiesConfiguration'
2026-03-01T12:29:57.850+05:30 DEBUG 18536 --- [auth-service] [           main] o.s.b.f.s.DefaultListableBeanFactory     : Creating shared instance of singleton bean 'spring.mail-org.springframework.boot.autoconfigure.mail.MailProperties'
2026-03-01T12:29:57.855+05:30 DEBUG 18536 --- [auth-service] [           main] o.s.b.f.s.DefaultListableBeanFactory     : Autowiring by type from bean name 'mailSender' via factory method to bean named 'spring.mail-org.springframework.boot.autoconfigure.mail.MailProperties'
2026-03-01T12:29:57.883+05:30 DEBUG 18536 --- [auth-service] [           main] o.s.b.f.s.DefaultListableBeanFactory     : Creating shared instance of singleton bean 'sslBundleRegistry'
2026-03-01T12:29:57.884+05:30 DEBUG 18536 --- [auth-service] [           main] o.s.b.f.s.DefaultListableBeanFactory     : Creating shared instance of singleton bean 'org.springframework.boot.autoconfigure.ssl.SslAutoConfiguration'
2026-03-01T12:29:57.885+05:30 DEBUG 18536 --- [auth-service] [           main] o.s.b.f.s.DefaultListableBeanFactory     : Creating shared instance of singleton bean 'spring.ssl-org.springframework.boot.autoconfigure.ssl.SslProperties'
2026-03-01T12:29:57.889+05:30 DEBUG 18536 --- [auth-service] [           main] o.s.b.f.s.DefaultListableBeanFactory     : Autowiring by type from bean name 'org.springframework.boot.autoconfigure.ssl.SslAutoConfiguration' via constructor to bean named 'org.springframework.web.context.support.GenericWebApplicationContext@7c453c34'
2026-03-01T12:29:57.889+05:30 DEBUG 18536 --- [auth-service] [           main] o.s.b.f.s.DefaultListableBeanFactory     : Autowiring by type from bean name 'org.springframework.boot.autoconfigure.ssl.SslAutoConfiguration' via constructor to bean named 'spring.ssl-org.springframework.boot.autoconfigure.ssl.SslProperties'
2026-03-01T12:29:57.894+05:30 DEBUG 18536 --- [auth-service] [           main] o.s.b.f.s.DefaultListableBeanFactory     : Creating shared instance of singleton bean 'sslPropertiesSslBundleRegistrar'
2026-03-01T12:29:57.894+05:30 DEBUG 18536 --- [auth-service] [           main] o.s.b.f.s.DefaultListableBeanFactory     : Creating shared instance of singleton bean 'fileWatcher'
2026-03-01T12:29:57.899+05:30 DEBUG 18536 --- [auth-service] [           main] o.s.b.f.s.DefaultListableBeanFactory     : Autowiring by type from bean name 'sslPropertiesSslBundleRegistrar' via factory method to bean named 'fileWatcher'
2026-03-01T12:29:57.914+05:30 DEBUG 18536 --- [auth-service] [           main] o.s.b.f.s.DefaultListableBeanFactory     : Autowiring by type from bean name 'emailService' via constructor to bean named 'mailSender'
2026-03-01T12:29:57.915+05:30 DEBUG 18536 --- [auth-service] [           main] o.s.b.f.s.DefaultListableBeanFactory     : Creating shared instance of singleton bean '_prePostMethodSecurityConfiguration'
2026-03-01T12:29:57.917+05:30 DEBUG 18536 --- [auth-service] [           main] o.s.b.f.s.DefaultListableBeanFactory     : Creating shared instance of singleton bean 'methodAuthorizationManagerPostProcessor'
2026-03-01T12:29:57.920+05:30 DEBUG 18536 --- [auth-service] [           main] o.s.b.f.s.DefaultListableBeanFactory     : Creating shared instance of singleton bean 'observationRegistry'
2026-03-01T12:29:57.920+05:30 DEBUG 18536 --- [auth-service] [           main] o.s.b.f.s.DefaultListableBeanFactory     : Creating shared instance of singleton bean 'org.springframework.boot.actuate.autoconfigure.observation.ObservationAutoConfiguration'
2026-03-01T12:29:57.927+05:30 DEBUG 18536 --- [auth-service] [           main] o.s.b.f.s.DefaultListableBeanFactory     : Creating shared instance of singleton bean 'propertiesObservationFilter'
2026-03-01T12:29:57.928+05:30 DEBUG 18536 --- [auth-service] [           main] o.s.b.f.s.DefaultListableBeanFactory     : Creating shared instance of singleton bean 'management.observations-org.springframework.boot.actuate.autoconfigure.observation.ObservationProperties'
2026-03-01T12:29:57.932+05:30 DEBUG 18536 --- [auth-service] [           main] o.s.b.f.s.DefaultListableBeanFactory     : Autowiring by type from bean name 'propertiesObservationFilter' via factory method to bean named 'management.observations-org.springframework.boot.actuate.autoconfigure.observation.ObservationProperties'
2026-03-01T12:29:57.940+05:30 DEBUG 18536 --- [auth-service] [           main] o.s.b.f.s.DefaultListableBeanFactory     : Creating shared instance of singleton bean 'metricsObservationHandlerGrouping'
2026-03-01T12:29:57.940+05:30 DEBUG 18536 --- [auth-service] [           main] o.s.b.f.s.DefaultListableBeanFactory     : Creating shared instance of singleton bean 'org.springframework.boot.actuate.autoconfigure.observation.ObservationAutoConfiguration$OnlyMetricsConfiguration'
2026-03-01T12:29:57.945+05:30 DEBUG 18536 --- [auth-service] [           main] o.s.b.f.s.DefaultListableBeanFactory     : Creating shared instance of singleton bean 'defaultMeterObservationHandler'
2026-03-01T12:29:57.945+05:30 DEBUG 18536 --- [auth-service] [           main] o.s.b.f.s.DefaultListableBeanFactory     : Creating shared instance of singleton bean 'org.springframework.boot.actuate.autoconfigure.observation.ObservationAutoConfiguration$MeterObservationHandlerConfiguration$OnlyMetricsMeterObservationHandlerConfiguration'
2026-03-01T12:29:57.947+05:30 DEBUG 18536 --- [auth-service] [           main] o.s.b.f.s.DefaultListableBeanFactory     : Creating shared instance of singleton bean 'simpleMeterRegistry'
2026-03-01T12:29:57.947+05:30 DEBUG 18536 --- [auth-service] [           main] o.s.b.f.s.DefaultListableBeanFactory     : Creating shared instance of singleton bean 'org.springframework.boot.actuate.autoconfigure.metrics.export.simple.SimpleMetricsExportAutoConfiguration'
2026-03-01T12:29:57.948+05:30 DEBUG 18536 --- [auth-service] [           main] o.s.b.f.s.DefaultListableBeanFactory     : Creating shared instance of singleton bean 'simpleConfig'
2026-03-01T12:29:57.949+05:30 DEBUG 18536 --- [auth-service] [           main] o.s.b.f.s.DefaultListableBeanFactory     : Creating shared instance of singleton bean 'management.simple.metrics.export-org.springframework.boot.actuate.autoconfigure.metrics.export.simple.SimpleProperties'
2026-03-01T12:29:57.951+05:30 DEBUG 18536 --- [auth-service] [           main] o.s.b.f.s.DefaultListableBeanFactory     : Autowiring by type from bean name 'simpleConfig' via factory method to bean named 'management.simple.metrics.export-org.springframework.boot.actuate.autoconfigure.metrics.export.simple.SimpleProperties'
2026-03-01T12:29:57.957+05:30 DEBUG 18536 --- [auth-service] [           main] o.s.b.f.s.DefaultListableBeanFactory     : Creating shared instance of singleton bean 'micrometerClock'
2026-03-01T12:29:57.957+05:30 DEBUG 18536 --- [auth-service] [           main] o.s.b.f.s.DefaultListableBeanFactory     : Creating shared instance of singleton bean 'org.springframework.boot.actuate.autoconfigure.metrics.MetricsAutoConfiguration'
2026-03-01T12:29:57.960+05:30 DEBUG 18536 --- [auth-service] [           main] o.s.b.f.s.DefaultListableBeanFactory     : Autowiring by type from bean name 'simpleMeterRegistry' via factory method to bean named 'simpleConfig'
2026-03-01T12:29:57.960+05:30 DEBUG 18536 --- [auth-service] [           main] o.s.b.f.s.DefaultListableBeanFactory     : Autowiring by type from bean name 'simpleMeterRegistry' via factory method to bean named 'micrometerClock'
2026-03-01T12:29:57.994+05:30 DEBUG 18536 --- [auth-service] [           main] o.s.b.f.s.DefaultListableBeanFactory     : Creating shared instance of singleton bean 'propertiesMeterFilter'
2026-03-01T12:29:57.995+05:30 DEBUG 18536 --- [auth-service] [           main] o.s.b.f.s.DefaultListableBeanFactory     : Autowiring by type from bean name 'propertiesMeterFilter' via factory method to bean named 'management.metrics-org.springframework.boot.actuate.autoconfigure.metrics.MetricsProperties'
2026-03-01T12:29:57.998+05:30 DEBUG 18536 --- [auth-service] [           main] o.s.b.f.s.DefaultListableBeanFactory     : Creating shared instance of singleton bean 'metricsHttpClientUriTagFilter'
2026-03-01T12:29:57.998+05:30 DEBUG 18536 --- [auth-service] [           main] o.s.b.f.s.DefaultListableBeanFactory     : Creating shared instance of singleton bean 'org.springframework.boot.actuate.autoconfigure.observation.web.client.HttpClientObservationsAutoConfiguration$MeterFilterConfiguration'
2026-03-01T12:29:57.999+05:30 DEBUG 18536 --- [auth-service] [           main] o.s.b.f.s.DefaultListableBeanFactory     : Autowiring by type from bean name 'metricsHttpClientUriTagFilter' via factory method to bean named 'management.observations-org.springframework.boot.actuate.autoconfigure.observation.ObservationProperties'
2026-03-01T12:29:58.000+05:30 DEBUG 18536 --- [auth-service] [           main] o.s.b.f.s.DefaultListableBeanFactory     : Autowiring by type from bean name 'metricsHttpClientUriTagFilter' via factory method to bean named 'management.metrics-org.springframework.boot.actuate.autoconfigure.metrics.MetricsProperties'
2026-03-01T12:29:58.001+05:30 DEBUG 18536 --- [auth-service] [           main] o.s.b.f.s.DefaultListableBeanFactory     : Creating shared instance of singleton bean 'metricsHttpServerUriTagFilter'
2026-03-01T12:29:58.001+05:30 DEBUG 18536 --- [auth-service] [           main] o.s.b.f.s.DefaultListableBeanFactory     : Creating shared instance of singleton bean 'org.springframework.boot.actuate.autoconfigure.observation.web.servlet.WebMvcObservationAutoConfiguration$MeterFilterConfiguration'
2026-03-01T12:29:58.002+05:30 DEBUG 18536 --- [auth-service] [           main] o.s.b.f.s.DefaultListableBeanFactory     : Autowiring by type from bean name 'metricsHttpServerUriTagFilter' via factory method to bean named 'management.observations-org.springframework.boot.actuate.autoconfigure.observation.ObservationProperties'
2026-03-01T12:29:58.002+05:30 DEBUG 18536 --- [auth-service] [           main] o.s.b.f.s.DefaultListableBeanFactory     : Autowiring by type from bean name 'metricsHttpServerUriTagFilter' via factory method to bean named 'management.metrics-org.springframework.boot.actuate.autoconfigure.metrics.MetricsProperties'
2026-03-01T12:29:58.008+05:30 DEBUG 18536 --- [auth-service] [           main] o.s.b.f.s.DefaultListableBeanFactory     : Autowiring by type from bean name 'defaultMeterObservationHandler' via factory method to bean named 'simpleMeterRegistry'
2026-03-01T12:29:58.008+05:30 DEBUG 18536 --- [auth-service] [           main] o.s.b.f.s.DefaultListableBeanFactory     : Autowiring by type from bean name 'defaultMeterObservationHandler' via factory method to bean named 'management.observations-org.springframework.boot.actuate.autoconfigure.observation.ObservationProperties'
2026-03-01T12:29:58.024+05:30 DEBUG 18536 --- [auth-service] [           main] o.s.b.f.s.DefaultListableBeanFactory     : Creating shared instance of singleton bean 'methodResultAuthorizationManagerPostProcessor'
2026-03-01T12:29:58.033+05:30 DEBUG 18536 --- [auth-service] [           main] o.s.b.f.s.DefaultListableBeanFactory     : Creating shared instance of singleton bean 'prePostAuthorizeExpressionHintsRegistrar'
2026-03-01T12:29:58.035+05:30 DEBUG 18536 --- [auth-service] [           main] o.s.b.f.s.DefaultListableBeanFactory     : Creating shared instance of singleton bean 'org.springframework.security.config.annotation.method.configuration.AuthorizationProxyConfiguration'
2026-03-01T12:29:58.036+05:30 DEBUG 18536 --- [auth-service] [           main] o.s.b.f.s.DefaultListableBeanFactory     : Creating shared instance of singleton bean 'authorizationProxyFactory'
2026-03-01T12:29:58.039+05:30 DEBUG 18536 --- [auth-service] [           main] o.s.b.f.s.DefaultListableBeanFactory     : Creating shared instance of singleton bean 'webTargetVisitor'
2026-03-01T12:29:58.039+05:30 DEBUG 18536 --- [auth-service] [           main] o.s.b.f.s.DefaultListableBeanFactory     : Creating shared instance of singleton bean 'org.springframework.security.config.annotation.method.configuration.AuthorizationProxyWebConfiguration'
2026-03-01T12:29:58.046+05:30 DEBUG 18536 --- [auth-service] [           main] o.s.b.f.s.DefaultListableBeanFactory     : Creating shared instance of singleton bean 'authorizeReturnObjectHintsRegistrar'
2026-03-01T12:29:58.047+05:30 DEBUG 18536 --- [auth-service] [           main] o.s.b.f.s.DefaultListableBeanFactory     : Autowiring by type from bean name 'authorizeReturnObjectHintsRegistrar' via factory method to bean named 'authorizationProxyFactory'
2026-03-01T12:29:58.050+05:30 DEBUG 18536 --- [auth-service] [           main] o.s.b.f.s.DefaultListableBeanFactory     : Creating shared instance of singleton bean 'org.springframework.security.config.annotation.method.configuration.MethodObservationConfiguration'
2026-03-01T12:29:58.051+05:30 DEBUG 18536 --- [auth-service] [           main] o.s.b.f.s.DefaultListableBeanFactory     : Creating shared instance of singleton bean 'passwordEncoder'
2026-03-01T12:29:58.054+05:30 DEBUG 18536 --- [auth-service] [           main] o.s.b.f.s.DefaultListableBeanFactory     : Creating shared instance of singleton bean 'authenticationProvider'
2026-03-01T12:29:58.061+05:30 DEBUG 18536 --- [auth-service] [           main] o.s.b.f.s.DefaultListableBeanFactory     : Creating shared instance of singleton bean 'authenticationManager'
2026-03-01T12:29:58.062+05:30 DEBUG 18536 --- [auth-service] [           main] o.s.b.f.s.DefaultListableBeanFactory     : Creating shared instance of singleton bean 'org.springframework.security.config.annotation.authentication.configuration.AuthenticationConfiguration'
2026-03-01T12:29:58.064+05:30 DEBUG 18536 --- [auth-service] [           main] o.s.b.f.s.DefaultListableBeanFactory     : Creating shared instance of singleton bean 'enableGlobalAuthenticationAutowiredConfigurer'
2026-03-01T12:29:58.064+05:30 DEBUG 18536 --- [auth-service] [           main] o.s.b.f.s.DefaultListableBeanFactory     : Autowiring by type from bean name 'enableGlobalAuthenticationAutowiredConfigurer' via factory method to bean named 'org.springframework.web.context.support.GenericWebApplicationContext@7c453c34'
2026-03-01T12:29:58.065+05:30 DEBUG 18536 --- [auth-service] [           main] o.s.b.f.s.DefaultListableBeanFactory     : Creating shared instance of singleton bean 'initializeUserDetailsBeanManagerConfigurer'
2026-03-01T12:29:58.065+05:30 DEBUG 18536 --- [auth-service] [           main] o.s.b.f.s.DefaultListableBeanFactory     : Autowiring by type from bean name 'initializeUserDetailsBeanManagerConfigurer' via factory method to bean named 'org.springframework.web.context.support.GenericWebApplicationContext@7c453c34'
2026-03-01T12:29:58.066+05:30 DEBUG 18536 --- [auth-service] [           main] o.s.b.f.s.DefaultListableBeanFactory     : Creating shared instance of singleton bean 'initializeAuthenticationProviderBeanManagerConfigurer'
2026-03-01T12:29:58.066+05:30 DEBUG 18536 --- [auth-service] [           main] o.s.b.f.s.DefaultListableBeanFactory     : Autowiring by type from bean name 'initializeAuthenticationProviderBeanManagerConfigurer' via factory method to bean named 'org.springframework.web.context.support.GenericWebApplicationContext@7c453c34'
2026-03-01T12:29:58.068+05:30 DEBUG 18536 --- [auth-service] [           main] o.s.b.f.s.DefaultListableBeanFactory     : Creating shared instance of singleton bean 'objectPostProcessor'
2026-03-01T12:29:58.068+05:30 DEBUG 18536 --- [auth-service] [           main] o.s.b.f.s.DefaultListableBeanFactory     : Creating shared instance of singleton bean 'org.springframework.security.config.annotation.configuration.ObjectPostProcessorConfiguration'
2026-03-01T12:29:58.069+05:30 DEBUG 18536 --- [auth-service] [           main] o.s.b.f.s.DefaultListableBeanFactory     : Autowiring by type from bean name 'objectPostProcessor' via factory method to bean named 'org.springframework.beans.factory.support.DefaultListableBeanFactory@68b3248a'
2026-03-01T12:29:58.071+05:30 DEBUG 18536 --- [auth-service] [           main] o.s.b.f.s.DefaultListableBeanFactory     : Autowiring by type from bean name 'authenticationManager' via factory method to bean named 'org.springframework.security.config.annotation.authentication.configuration.AuthenticationConfiguration'
2026-03-01T12:29:58.072+05:30 DEBUG 18536 --- [auth-service] [           main] o.s.b.f.s.DefaultListableBeanFactory     : Creating shared instance of singleton bean 'authenticationManagerBuilder'
2026-03-01T12:29:58.073+05:30 DEBUG 18536 --- [auth-service] [           main] o.s.b.f.s.DefaultListableBeanFactory     : Autowiring by type from bean name 'authenticationManagerBuilder' via factory method to bean named 'objectPostProcessor'
2026-03-01T12:29:58.073+05:30 DEBUG 18536 --- [auth-service] [           main] o.s.b.f.s.DefaultListableBeanFactory     : Autowiring by type from bean name 'authenticationManagerBuilder' via factory method to bean named 'org.springframework.web.context.support.GenericWebApplicationContext@7c453c34'
2026-03-01T12:29:58.074+05:30 DEBUG 18536 --- [auth-service] [           main] o.s.b.f.s.DefaultListableBeanFactory     : Creating shared instance of singleton bean 'authenticationEventPublisher'
2026-03-01T12:29:58.074+05:30 DEBUG 18536 --- [auth-service] [           main] o.s.b.f.s.DefaultListableBeanFactory     : Creating shared instance of singleton bean 'org.springframework.boot.autoconfigure.security.servlet.SecurityAutoConfiguration'
2026-03-01T12:29:58.075+05:30 DEBUG 18536 --- [auth-service] [           main] o.s.b.f.s.DefaultListableBeanFactory     : Autowiring by type from bean name 'authenticationEventPublisher' via factory method to bean named 'org.springframework.web.context.support.GenericWebApplicationContext@7c453c34'
2026-03-01T12:29:58.090+05:30 DEBUG 18536 --- [auth-service] [           main] o.s.b.f.s.DefaultListableBeanFactory     : Creating shared instance of singleton bean 'org.springframework.boot.autoconfigure.security.servlet.SpringBootWebSecurityConfiguration$WebSecurityEnablerConfiguration'
2026-03-01T12:29:58.092+05:30  INFO 18536 --- [auth-service] [           main] eAuthenticationProviderManagerConfigurer : Global AuthenticationManager configured with AuthenticationProvider bean with name authenticationProvider
2026-03-01T12:29:58.093+05:30  WARN 18536 --- [auth-service] [           main] r$InitializeUserDetailsManagerConfigurer : Global AuthenticationManager configured with an AuthenticationProvider bean. UserDetailsService beans will not be used by Spring Security for automatically configuring username/password login. Consider removing the AuthenticationProvider bean. Alternatively, consider using the UserDetailsService in a manually instantiated DaoAuthenticationProvider. If the current configuration is intentional, to turn off this warning, increase the logging level of 'org.springframework.security.config.annotation.authentication.configuration.InitializeUserDetailsBeanManagerConfigurer' to ERROR
2026-03-01T12:29:58.095+05:30 DEBUG 18536 --- [auth-service] [           main] o.s.b.f.s.DefaultListableBeanFactory     : Creating shared instance of singleton bean 'filterChain'
2026-03-01T12:29:58.095+05:30 DEBUG 18536 --- [auth-service] [           main] o.s.b.f.s.DefaultListableBeanFactory     : Creating shared instance of singleton bean 'org.springframework.security.config.annotation.web.configuration.HttpSecurityConfiguration'
2026-03-01T12:29:58.101+05:30 DEBUG 18536 --- [auth-service] [           main] o.s.b.f.s.DefaultListableBeanFactory     : Creating shared instance of singleton bean 'mvcContentNegotiationManager'
2026-03-01T12:29:58.102+05:30 DEBUG 18536 --- [auth-service] [           main] o.s.b.f.s.DefaultListableBeanFactory     : Creating shared instance of singleton bean 'org.springframework.boot.autoconfigure.web.servlet.WebMvcAutoConfiguration$EnableWebMvcConfiguration'
2026-03-01T12:29:58.102+05:30 DEBUG 18536 --- [auth-service] [           main] o.s.b.f.s.DefaultListableBeanFactory     : Creating shared instance of singleton bean 'spring.mvc-org.springframework.boot.autoconfigure.web.servlet.WebMvcProperties'
2026-03-01T12:29:58.107+05:30 DEBUG 18536 --- [auth-service] [           main] o.s.b.f.s.DefaultListableBeanFactory     : Creating shared instance of singleton bean 'spring.web-org.springframework.boot.autoconfigure.web.WebProperties'
2026-03-01T12:29:58.111+05:30 DEBUG 18536 --- [auth-service] [           main] o.s.b.f.s.DefaultListableBeanFactory     : Autowiring by type from bean name 'org.springframework.boot.autoconfigure.web.servlet.WebMvcAutoConfiguration$EnableWebMvcConfiguration' via constructor to bean named 'spring.mvc-org.springframework.boot.autoconfigure.web.servlet.WebMvcProperties'
2026-03-01T12:29:58.111+05:30 DEBUG 18536 --- [auth-service] [           main] o.s.b.f.s.DefaultListableBeanFactory     : Autowiring by type from bean name 'org.springframework.boot.autoconfigure.web.servlet.WebMvcAutoConfiguration$EnableWebMvcConfiguration' via constructor to bean named 'spring.web-org.springframework.boot.autoconfigure.web.WebProperties'
2026-03-01T12:29:58.111+05:30 DEBUG 18536 --- [auth-service] [           main] o.s.b.f.s.DefaultListableBeanFactory     : Autowiring by type from bean name 'org.springframework.boot.autoconfigure.web.servlet.WebMvcAutoConfiguration$EnableWebMvcConfiguration' via constructor to bean named 'org.springframework.beans.factory.support.DefaultListableBeanFactory@68b3248a'
2026-03-01T12:29:58.119+05:30 DEBUG 18536 --- [auth-service] [           main] o.s.b.f.s.DefaultListableBeanFactory     : Creating shared instance of singleton bean 'org.springframework.boot.autoconfigure.web.servlet.WebMvcAutoConfiguration$WebMvcAutoConfigurationAdapter'
2026-03-01T12:29:58.123+05:30 DEBUG 18536 --- [auth-service] [           main] o.s.b.f.s.DefaultListableBeanFactory     : Autowiring by type from bean name 'org.springframework.boot.autoconfigure.web.servlet.WebMvcAutoConfiguration$WebMvcAutoConfigurationAdapter' via constructor to bean named 'spring.web-org.springframework.boot.autoconfigure.web.WebProperties'
2026-03-01T12:29:58.124+05:30 DEBUG 18536 --- [auth-service] [           main] o.s.b.f.s.DefaultListableBeanFactory     : Autowiring by type from bean name 'org.springframework.boot.autoconfigure.web.servlet.WebMvcAutoConfiguration$WebMvcAutoConfigurationAdapter' via constructor to bean named 'spring.mvc-org.springframework.boot.autoconfigure.web.servlet.WebMvcProperties'
2026-03-01T12:29:58.124+05:30 DEBUG 18536 --- [auth-service] [           main] o.s.b.f.s.DefaultListableBeanFactory     : Autowiring by type from bean name 'org.springframework.boot.autoconfigure.web.servlet.WebMvcAutoConfiguration$WebMvcAutoConfigurationAdapter' via constructor to bean named 'org.springframework.beans.factory.support.DefaultListableBeanFactory@68b3248a'
2026-03-01T12:29:58.128+05:30 DEBUG 18536 --- [auth-service] [           main] o.s.b.f.s.DefaultListableBeanFactory     : Creating shared instance of singleton bean 'openEntityManagerInViewInterceptorConfigurer'
2026-03-01T12:29:58.128+05:30 DEBUG 18536 --- [auth-service] [           main] o.s.b.f.s.DefaultListableBeanFactory     : Creating shared instance of singleton bean 'org.springframework.boot.autoconfigure.orm.jpa.JpaBaseConfiguration$JpaWebConfiguration'
2026-03-01T12:29:58.129+05:30 DEBUG 18536 --- [auth-service] [           main] o.s.b.f.s.DefaultListableBeanFactory     : Autowiring by type from bean name 'org.springframework.boot.autoconfigure.orm.jpa.JpaBaseConfiguration$JpaWebConfiguration' via constructor to bean named 'spring.jpa-org.springframework.boot.autoconfigure.orm.jpa.JpaProperties'
2026-03-01T12:29:58.131+05:30 DEBUG 18536 --- [auth-service] [           main] o.s.b.f.s.DefaultListableBeanFactory     : Creating shared instance of singleton bean 'openEntityManagerInViewInterceptor'
2026-03-01T12:29:58.131+05:30  WARN 18536 --- [auth-service] [           main] JpaBaseConfiguration$JpaWebConfiguration : spring.jpa.open-in-view is enabled by default. Therefore, database queries may be performed during view rendering. Explicitly configure spring.jpa.open-in-view to disable this warning
2026-03-01T12:29:58.139+05:30 DEBUG 18536 --- [auth-service] [           main] o.s.b.f.s.DefaultListableBeanFactory     : Autowiring by type from bean name 'openEntityManagerInViewInterceptorConfigurer' via factory method to bean named 'openEntityManagerInViewInterceptor'
2026-03-01T12:29:58.141+05:30 DEBUG 18536 --- [auth-service] [           main] o.s.b.f.s.DefaultListableBeanFactory     : Creating shared instance of singleton bean 'org.springframework.data.web.config.SpringDataWebConfiguration'
2026-03-01T12:29:58.143+05:30 DEBUG 18536 --- [auth-service] [           main] o.s.b.f.s.DefaultListableBeanFactory     : Autowiring by type from bean name 'org.springframework.data.web.config.SpringDataWebConfiguration' via constructor to bean named 'org.springframework.web.context.support.GenericWebApplicationContext@7c453c34'
2026-03-01T12:29:58.146+05:30 DEBUG 18536 --- [auth-service] [           main] o.s.b.f.s.DefaultListableBeanFactory     : Creating shared instance of singleton bean 'org.springframework.security.config.annotation.web.configuration.WebMvcSecurityConfiguration'
2026-03-01T12:29:58.146+05:30 DEBUG 18536 --- [auth-service] [           main] o.s.b.f.s.DefaultListableBeanFactory     : Creating shared instance of singleton bean 'endpointObjectMapperWebMvcConfigurer'
2026-03-01T12:29:58.147+05:30 DEBUG 18536 --- [auth-service] [           main] o.s.b.f.s.DefaultListableBeanFactory     : Creating shared instance of singleton bean 'endpointObjectMapper'
2026-03-01T12:29:58.147+05:30 DEBUG 18536 --- [auth-service] [           main] o.s.b.f.s.DefaultListableBeanFactory     : Creating shared instance of singleton bean 'org.springframework.boot.actuate.autoconfigure.endpoint.jackson.JacksonEndpointAutoConfiguration'
2026-03-01T12:29:58.148+05:30 DEBUG 18536 --- [auth-service] [           main] o.s.b.f.s.DefaultListableBeanFactory     : Autowiring by type from bean name 'endpointObjectMapperWebMvcConfigurer' via factory method to bean named 'endpointObjectMapper'
2026-03-01T12:29:58.295+05:30 DEBUG 18536 --- [auth-service] [           main] o.s.b.f.s.DefaultListableBeanFactory     : Autowiring by type from bean name 'filterChain' via factory method to bean named 'org.springframework.security.config.annotation.web.configuration.HttpSecurityConfiguration.httpSecurity'
2026-03-01T12:29:58.305+05:30 DEBUG 18536 --- [auth-service] [           main] o.s.b.f.s.DefaultListableBeanFactory     : Creating shared instance of singleton bean 'webAuthorizationManagerPostProcessor'
2026-03-01T12:29:58.312+05:30 DEBUG 18536 --- [auth-service] [           main] o.s.b.f.s.DefaultListableBeanFactory     : Creating shared instance of singleton bean 'mvcHandlerMappingIntrospector'
2026-03-01T12:29:58.318+05:30 DEBUG 18536 --- [auth-service] [           main] o.s.b.f.s.DefaultListableBeanFactory     : Creating shared instance of singleton bean 'welcomePageHandlerMapping'
2026-03-01T12:29:58.319+05:30 DEBUG 18536 --- [auth-service] [           main] o.s.b.f.s.DefaultListableBeanFactory     : Creating shared instance of singleton bean 'mvcConversionService'
2026-03-01T12:29:58.331+05:30 DEBUG 18536 --- [auth-service] [           main] o.s.b.f.s.DefaultListableBeanFactory     : Creating shared instance of singleton bean 'mvcResourceUrlProvider'
2026-03-01T12:29:58.335+05:30 DEBUG 18536 --- [auth-service] [           main] o.s.b.f.s.DefaultListableBeanFactory     : Autowiring by type from bean name 'welcomePageHandlerMapping' via factory method to bean named 'org.springframework.web.context.support.GenericWebApplicationContext@7c453c34'
2026-03-01T12:29:58.336+05:30 DEBUG 18536 --- [auth-service] [           main] o.s.b.f.s.DefaultListableBeanFactory     : Autowiring by type from bean name 'welcomePageHandlerMapping' via factory method to bean named 'mvcConversionService'
2026-03-01T12:29:58.336+05:30 DEBUG 18536 --- [auth-service] [           main] o.s.b.f.s.DefaultListableBeanFactory     : Autowiring by type from bean name 'welcomePageHandlerMapping' via factory method to bean named 'mvcResourceUrlProvider'
2026-03-01T12:29:58.360+05:30 DEBUG 18536 --- [auth-service] [           main] o.s.b.f.s.DefaultListableBeanFactory     : Creating shared instance of singleton bean 'welcomePageNotAcceptableHandlerMapping'
2026-03-01T12:29:58.360+05:30 DEBUG 18536 --- [auth-service] [           main] o.s.b.f.s.DefaultListableBeanFactory     : Autowiring by type from bean name 'welcomePageNotAcceptableHandlerMapping' via factory method to bean named 'org.springframework.web.context.support.GenericWebApplicationContext@7c453c34'
2026-03-01T12:29:58.360+05:30 DEBUG 18536 --- [auth-service] [           main] o.s.b.f.s.DefaultListableBeanFactory     : Autowiring by type from bean name 'welcomePageNotAcceptableHandlerMapping' via factory method to bean named 'mvcConversionService'
2026-03-01T12:29:58.360+05:30 DEBUG 18536 --- [auth-service] [           main] o.s.b.f.s.DefaultListableBeanFactory     : Autowiring by type from bean name 'welcomePageNotAcceptableHandlerMapping' via factory method to bean named 'mvcResourceUrlProvider'
2026-03-01T12:29:58.367+05:30 DEBUG 18536 --- [auth-service] [           main] o.s.b.f.s.DefaultListableBeanFactory     : Creating shared instance of singleton bean 'requestMappingHandlerMapping'
2026-03-01T12:29:58.368+05:30 DEBUG 18536 --- [auth-service] [           main] o.s.b.f.s.DefaultListableBeanFactory     : Autowiring by type from bean name 'requestMappingHandlerMapping' via factory method to bean named 'mvcContentNegotiationManager'
2026-03-01T12:29:58.368+05:30 DEBUG 18536 --- [auth-service] [           main] o.s.b.f.s.DefaultListableBeanFactory     : Autowiring by type from bean name 'requestMappingHandlerMapping' via factory method to bean named 'mvcConversionService'
2026-03-01T12:29:58.368+05:30 DEBUG 18536 --- [auth-service] [           main] o.s.b.f.s.DefaultListableBeanFactory     : Autowiring by type from bean name 'requestMappingHandlerMapping' via factory method to bean named 'mvcResourceUrlProvider'
2026-03-01T12:29:58.433+05:30 DEBUG 18536 --- [auth-service] [           main] s.w.s.m.m.a.RequestMappingHandlerMapping : 10 mappings in 'requestMappingHandlerMapping'
2026-03-01T12:29:58.444+05:30 DEBUG 18536 --- [auth-service] [           main] o.s.b.f.s.DefaultListableBeanFactory     : Creating shared instance of singleton bean 'viewControllerHandlerMapping'
2026-03-01T12:29:58.444+05:30 DEBUG 18536 --- [auth-service] [           main] o.s.b.f.s.DefaultListableBeanFactory     : Autowiring by type from bean name 'viewControllerHandlerMapping' via factory method to bean named 'mvcConversionService'
2026-03-01T12:29:58.444+05:30 DEBUG 18536 --- [auth-service] [           main] o.s.b.f.s.DefaultListableBeanFactory     : Autowiring by type from bean name 'viewControllerHandlerMapping' via factory method to bean named 'mvcResourceUrlProvider'
2026-03-01T12:29:58.445+05:30 DEBUG 18536 --- [auth-service] [           main] o.s.b.f.s.DefaultListableBeanFactory     : Creating shared instance of singleton bean 'beanNameHandlerMapping'
2026-03-01T12:29:58.446+05:30 DEBUG 18536 --- [auth-service] [           main] o.s.b.f.s.DefaultListableBeanFactory     : Autowiring by type from bean name 'beanNameHandlerMapping' via factory method to bean named 'mvcConversionService'
2026-03-01T12:29:58.446+05:30 DEBUG 18536 --- [auth-service] [           main] o.s.b.f.s.DefaultListableBeanFactory     : Autowiring by type from bean name 'beanNameHandlerMapping' via factory method to bean named 'mvcResourceUrlProvider'
2026-03-01T12:29:58.453+05:30 DEBUG 18536 --- [auth-service] [           main] o.s.b.f.s.DefaultListableBeanFactory     : Creating shared instance of singleton bean 'routerFunctionMapping'
2026-03-01T12:29:58.454+05:30 DEBUG 18536 --- [auth-service] [           main] o.s.b.f.s.DefaultListableBeanFactory     : Autowiring by type from bean name 'routerFunctionMapping' via factory method to bean named 'mvcConversionService'
2026-03-01T12:29:58.454+05:30 DEBUG 18536 --- [auth-service] [           main] o.s.b.f.s.DefaultListableBeanFactory     : Autowiring by type from bean name 'routerFunctionMapping' via factory method to bean named 'mvcResourceUrlProvider'
2026-03-01T12:29:58.455+05:30 DEBUG 18536 --- [auth-service] [           main] o.s.b.f.s.DefaultListableBeanFactory     : Creating shared instance of singleton bean 'messageConverters'
2026-03-01T12:29:58.455+05:30 DEBUG 18536 --- [auth-service] [           main] o.s.b.f.s.DefaultListableBeanFactory     : Creating shared instance of singleton bean 'org.springframework.boot.autoconfigure.http.HttpMessageConvertersAutoConfiguration'
2026-03-01T12:29:58.459+05:30 DEBUG 18536 --- [auth-service] [           main] o.s.b.f.s.DefaultListableBeanFactory     : Creating shared instance of singleton bean 'stringHttpMessageConverter'
2026-03-01T12:29:58.459+05:30 DEBUG 18536 --- [auth-service] [           main] o.s.b.f.s.DefaultListableBeanFactory     : Creating shared instance of singleton bean 'org.springframework.boot.autoconfigure.http.HttpMessageConvertersAutoConfiguration$StringHttpMessageConverterConfiguration'
2026-03-01T12:29:58.460+05:30 DEBUG 18536 --- [auth-service] [           main] o.s.b.f.s.DefaultListableBeanFactory     : Autowiring by type from bean name 'stringHttpMessageConverter' via factory method to bean named 'environment'
2026-03-01T12:29:58.465+05:30 DEBUG 18536 --- [auth-service] [           main] o.s.b.f.s.DefaultListableBeanFactory     : Creating shared instance of singleton bean 'mappingJackson2HttpMessageConverter'
2026-03-01T12:29:58.466+05:30 DEBUG 18536 --- [auth-service] [           main] o.s.b.f.s.DefaultListableBeanFactory     : Creating shared instance of singleton bean 'org.springframework.boot.autoconfigure.http.JacksonHttpMessageConvertersConfiguration$MappingJackson2HttpMessageConverterConfiguration'
2026-03-01T12:29:58.467+05:30 DEBUG 18536 --- [auth-service] [           main] o.s.b.f.s.DefaultListableBeanFactory     : Creating shared instance of singleton bean 'jacksonObjectMapper'
2026-03-01T12:29:58.467+05:30 DEBUG 18536 --- [auth-service] [           main] o.s.b.f.s.DefaultListableBeanFactory     : Creating shared instance of singleton bean 'org.springframework.boot.autoconfigure.jackson.JacksonAutoConfiguration$JacksonObjectMapperConfiguration'
2026-03-01T12:29:58.467+05:30 DEBUG 18536 --- [auth-service] [           main] o.s.b.f.s.DefaultListableBeanFactory     : Creating shared instance of singleton bean 'org.springframework.boot.autoconfigure.jackson.JacksonAutoConfiguration$JacksonObjectMapperBuilderConfiguration'
2026-03-01T12:29:58.468+05:30 DEBUG 18536 --- [auth-service] [           main] o.s.b.f.s.DefaultListableBeanFactory     : Creating shared instance of singleton bean 'standardJacksonObjectMapperBuilderCustomizer'
2026-03-01T12:29:58.468+05:30 DEBUG 18536 --- [auth-service] [           main] o.s.b.f.s.DefaultListableBeanFactory     : Creating shared instance of singleton bean 'org.springframework.boot.autoconfigure.jackson.JacksonAutoConfiguration$Jackson2ObjectMapperBuilderCustomizerConfiguration'
2026-03-01T12:29:58.469+05:30 DEBUG 18536 --- [auth-service] [           main] o.s.b.f.s.DefaultListableBeanFactory     : Creating shared instance of singleton bean 'spring.jackson-org.springframework.boot.autoconfigure.jackson.JacksonProperties'
2026-03-01T12:29:58.472+05:30 DEBUG 18536 --- [auth-service] [           main] o.s.b.f.s.DefaultListableBeanFactory     : Autowiring by type from bean name 'standardJacksonObjectMapperBuilderCustomizer' via factory method to bean named 'spring.jackson-org.springframework.boot.autoconfigure.jackson.JacksonProperties'
2026-03-01T12:29:58.473+05:30 DEBUG 18536 --- [auth-service] [           main] o.s.b.f.s.DefaultListableBeanFactory     : Creating shared instance of singleton bean 'parameterNamesModule'
2026-03-01T12:29:58.473+05:30 DEBUG 18536 --- [auth-service] [           main] o.s.b.f.s.DefaultListableBeanFactory     : Creating shared instance of singleton bean 'org.springframework.boot.autoconfigure.jackson.JacksonAutoConfiguration$ParameterNamesModuleConfiguration'
2026-03-01T12:29:58.477+05:30 DEBUG 18536 --- [auth-service] [           main] o.s.b.f.s.DefaultListableBeanFactory     : Creating shared instance of singleton bean 'jsonMixinModule'
2026-03-01T12:29:58.478+05:30 DEBUG 18536 --- [auth-service] [           main] o.s.b.f.s.DefaultListableBeanFactory     : Creating shared instance of singleton bean 'org.springframework.boot.autoconfigure.jackson.JacksonAutoConfiguration$JacksonMixinConfiguration'
2026-03-01T12:29:58.479+05:30 DEBUG 18536 --- [auth-service] [           main] o.s.b.f.s.DefaultListableBeanFactory     : Creating shared instance of singleton bean 'jsonMixinModuleEntries'
2026-03-01T12:29:58.479+05:30 DEBUG 18536 --- [auth-service] [           main] o.s.b.f.s.DefaultListableBeanFactory     : Autowiring by type from bean name 'jsonMixinModuleEntries' via factory method to bean named 'org.springframework.web.context.support.GenericWebApplicationContext@7c453c34'
2026-03-01T12:29:58.487+05:30 DEBUG 18536 --- [auth-service] [           main] o.s.b.f.s.DefaultListableBeanFactory     : Autowiring by type from bean name 'jsonMixinModule' via factory method to bean named 'org.springframework.web.context.support.GenericWebApplicationContext@7c453c34'
2026-03-01T12:29:58.488+05:30 DEBUG 18536 --- [auth-service] [           main] o.s.b.f.s.DefaultListableBeanFactory     : Autowiring by type from bean name 'jsonMixinModule' via factory method to bean named 'jsonMixinModuleEntries'
2026-03-01T12:29:58.489+05:30 DEBUG 18536 --- [auth-service] [           main] o.s.b.f.s.DefaultListableBeanFactory     : Creating shared instance of singleton bean 'jsonComponentModule'
2026-03-01T12:29:58.490+05:30 DEBUG 18536 --- [auth-service] [           main] o.s.b.f.s.DefaultListableBeanFactory     : Creating shared instance of singleton bean 'org.springframework.boot.autoconfigure.jackson.JacksonAutoConfiguration'
2026-03-01T12:29:58.493+05:30 DEBUG 18536 --- [auth-service] [           main] o.s.b.f.s.DefaultListableBeanFactory     : Creating shared instance of singleton bean 'jacksonGeoModule'
2026-03-01T12:29:58.494+05:30 DEBUG 18536 --- [auth-service] [           main] o.s.b.f.s.DefaultListableBeanFactory     : Creating shared instance of singleton bean 'org.springframework.data.web.config.SpringDataJacksonConfiguration'
2026-03-01T12:29:58.496+05:30 DEBUG 18536 --- [auth-service] [           main] o.s.b.f.s.DefaultListableBeanFactory     : Creating shared instance of singleton bean 'springDataWebSettings'
2026-03-01T12:29:58.496+05:30 DEBUG 18536 --- [auth-service] [           main] o.s.b.f.s.DefaultListableBeanFactory     : Creating shared instance of singleton bean 'org.springframework.boot.autoconfigure.data.web.SpringDataWebAutoConfiguration'
[...]
2026-03-01T12:29:59.936+05:30 DEBUG 18536 --- [auth-service] [           main] org.springframework.test.context.cache   : Spring test ApplicationContext cache statistics: [DefaultContextCache@3e6c6cdb size = 1, maxSize = 32, parentContextCount = 0, hitCount = 10, missCount = 1, failureCount = 0]
2026-03-01T12:29:59.936+05:30 DEBUG 18536 --- [auth-service] [           main] org.springframework.test.context.cache   : Spring test ApplicationContext cache statistics: [DefaultContextCache@3e6c6cdb size = 1, maxSize = 32, parentContextCount = 0, hitCount = 11, missCount = 1, failureCount = 0]
2026-03-01T12:29:59.936+05:30 DEBUG 18536 --- [auth-service] [           main] org.springframework.test.context.cache   : Spring test ApplicationContext cache statistics: [DefaultContextCache@3e6c6cdb size = 1, maxSize = 32, parentContextCount = 0, hitCount = 12, missCount = 1, failureCount = 0]
2026-03-01T12:29:59.938+05:30 DEBUG 18536 --- [auth-service] [           main] org.springframework.test.context.cache   : Spring test ApplicationContext cache statistics: [DefaultContextCache@3e6c6cdb size = 1, maxSize = 32, parentContextCount = 0, hitCount = 13, missCount = 1, failureCount = 0]
2026-03-01T12:29:59.938+05:30 DEBUG 18536 --- [auth-service] [           main] org.springframework.test.context.cache   : Spring test ApplicationContext cache statistics: [DefaultContextCache@3e6c6cdb size = 1, maxSize = 32, parentContextCount = 0, hitCount = 14, missCount = 1, failureCount = 0]
2026-03-01T12:29:59.939+05:30 DEBUG 18536 --- [auth-service] [           main] org.springframework.test.context.cache   : Spring test ApplicationContext cache statistics: [DefaultContextCache@3e6c6cdb size = 1, maxSize = 32, parentContextCount = 0, hitCount = 15, missCount = 1, failureCount = 0]
2026-03-01T12:29:59.940+05:30 DEBUG 18536 --- [auth-service] [           main] .c.s.DirtiesContextTestExecutionListener : After test method: class [AuthControllerTest], method [login_success], class annotated with @DirtiesContext [false] with mode [null], method annotated with @DirtiesContext [false] with mode [null]
2026-03-01T12:29:59.940+05:30 DEBUG 18536 --- [auth-service] [           main] o.s.t.c.w.ServletTestExecutionListener   : Resetting RequestContextHolder for test class com.claimswift.auth.AuthControllerTest
]]></system-out>
    <system-err><![CDATA[Mockito is currently self-attaching to enable the inline-mock-maker. This will no longer work in future releases of the JDK. Please add Mockito as an agent to your build as described in Mockito's documentation: https://javadoc.io/doc/org.mockito/mockito-core/latest/org.mockito/org/mockito/Mockito.html#0.3
WARNING: A Java agent has been loaded dynamically (C:\Users\k.navya\.m2\repository\net\bytebuddy\byte-buddy-agent\1.17.8\byte-buddy-agent-1.17.8.jar)
WARNING: If a serviceability tool is in use, please run with -XX:+EnableDynamicAgentLoading to hide this warning
WARNING: If a serviceability tool is not in use, please run with -Djdk.instrument.traceUsage for more information
WARNING: Dynamic loading of agents will be disallowed by default in a future release
]]></system-err>
  </testcase>
  <testcase name="register_success" classname="com.claimswift.auth.AuthControllerTest" time="0.038">
    <system-out><![CDATA[2026-03-01T12:29:59.948+05:30 DEBUG 18536 --- [auth-service] [           main] org.springframework.test.context.cache   : Spring test ApplicationContext cache statistics: [DefaultContextCache@3e6c6cdb size = 1, maxSize = 32, parentContextCount = 0, hitCount = 16, missCount = 1, failureCount = 0]
2026-03-01T12:29:59.948+05:30 DEBUG 18536 --- [auth-service] [           main] o.s.t.c.w.ServletTestExecutionListener   : Setting up MockHttpServletRequest, MockHttpServletResponse, ServletWebRequest, and RequestContextHolder for test class com.claimswift.auth.AuthControllerTest
2026-03-01T12:29:59.948+05:30 DEBUG 18536 --- [auth-service] [           main] org.springframework.test.context.cache   : Spring test ApplicationContext cache statistics: [DefaultContextCache@3e6c6cdb size = 1, maxSize = 32, parentContextCount = 0, hitCount = 17, missCount = 1, failureCount = 0]
2026-03-01T12:29:59.948+05:30 DEBUG 18536 --- [auth-service] [           main] DependencyInjectionTestExecutionListener : Performing dependency injection for test class com.claimswift.auth.AuthControllerTest
2026-03-01T12:29:59.948+05:30 DEBUG 18536 --- [auth-service] [           main] org.springframework.test.context.cache   : Spring test ApplicationContext cache statistics: [DefaultContextCache@3e6c6cdb size = 1, maxSize = 32, parentContextCount = 0, hitCount = 18, missCount = 1, failureCount = 0]
2026-03-01T12:29:59.949+05:30 DEBUG 18536 --- [auth-service] [           main] org.springframework.test.context.cache   : Spring test ApplicationContext cache statistics: [DefaultContextCache@3e6c6cdb size = 1, maxSize = 32, parentContextCount = 0, hitCount = 19, missCount = 1, failureCount = 0]
2026-03-01T12:29:59.950+05:30 DEBUG 18536 --- [auth-service] [           main] sContextBeforeModesTestExecutionListener : Before test method: class [AuthControllerTest], method [register_success], class annotated with @DirtiesContext [false] with mode [null], method annotated with @DirtiesContext [false] with mode [null]
2026-03-01T12:29:59.951+05:30 DEBUG 18536 --- [auth-service] [           main] org.springframework.test.context.cache   : Spring test ApplicationContext cache statistics: [DefaultContextCache@3e6c6cdb size = 1, maxSize = 32, parentContextCount = 0, hitCount = 20, missCount = 1, failureCount = 0]
2026-03-01T12:29:59.951+05:30 DEBUG 18536 --- [auth-service] [           main] org.springframework.test.context.cache   : Spring test ApplicationContext cache statistics: [DefaultContextCache@3e6c6cdb size = 1, maxSize = 32, parentContextCount = 0, hitCount = 21, missCount = 1, failureCount = 0]
2026-03-01T12:29:59.951+05:30 DEBUG 18536 --- [auth-service] [           main] org.springframework.test.context.cache   : Spring test ApplicationContext cache statistics: [DefaultContextCache@3e6c6cdb size = 1, maxSize = 32, parentContextCount = 0, hitCount = 22, missCount = 1, failureCount = 0]
2026-03-01T12:29:59.952+05:30 DEBUG 18536 --- [auth-service] [           main] org.springframework.test.context.cache   : Spring test ApplicationContext cache statistics: [DefaultContextCache@3e6c6cdb size = 1, maxSize = 32, parentContextCount = 0, hitCount = 23, missCount = 1, failureCount = 0]
2026-03-01T12:29:59.956+05:30 DEBUG 18536 --- [auth-service] [           main] o.s.security.web.FilterChainProxy        : Securing POST /auth/register
2026-03-01T12:29:59.956+05:30 DEBUG 18536 --- [auth-service] [           main] o.s.s.w.a.AnonymousAuthenticationFilter  : Set SecurityContextHolder to anonymous SecurityContext
2026-03-01T12:29:59.957+05:30 DEBUG 18536 --- [auth-service] [           main] o.s.security.web.FilterChainProxy        : Secured POST /auth/register
2026-03-01T12:29:59.957+05:30 DEBUG 18536 --- [auth-service] [           main] o.s.t.web.servlet.TestDispatcherServlet  : POST "/auth/register", parameters={}
2026-03-01T12:29:59.958+05:30 DEBUG 18536 --- [auth-service] [           main] s.w.s.m.m.a.RequestMappingHandlerMapping : Mapped to com.claimswift.auth.controller.AuthController#register(RegisterRequest)
2026-03-01T12:29:59.958+05:30 DEBUG 18536 --- [auth-service] [           main] o.j.s.OpenEntityManagerInViewInterceptor : Opening JPA EntityManager in OpenEntityManagerInViewInterceptor
2026-03-01T12:29:59.965+05:30 DEBUG 18536 --- [auth-service] [           main] m.m.a.RequestResponseBodyMethodProcessor : Read "application/json;charset=UTF-8" to [RegisterRequest(username=user, password=pass, email=mail@test.com, roles=[USER])]
2026-03-01T12:29:59.973+05:30 DEBUG 18536 --- [auth-service] [           main] m.m.a.RequestResponseBodyMethodProcessor : Using 'application/json', given [*/*] and supported [application/json, application/*+json]
2026-03-01T12:29:59.974+05:30 DEBUG 18536 --- [auth-service] [           main] m.m.a.RequestResponseBodyMethodProcessor : Writing [AuthResponse(message=User registered successfully, username=user, roles=[USER], token=null)]
2026-03-01T12:29:59.981+05:30 DEBUG 18536 --- [auth-service] [           main] o.j.s.OpenEntityManagerInViewInterceptor : Closing JPA EntityManager in OpenEntityManagerInViewInterceptor
2026-03-01T12:29:59.981+05:30 DEBUG 18536 --- [auth-service] [           main] o.s.t.web.servlet.TestDispatcherServlet  : Completed 200 OK
2026-03-01T12:29:59.985+05:30 DEBUG 18536 --- [auth-service] [           main] org.springframework.test.context.cache   : Spring test ApplicationContext cache statistics: [DefaultContextCache@3e6c6cdb size = 1, maxSize = 32, parentContextCount = 0, hitCount = 24, missCount = 1, failureCount = 0]
2026-03-01T12:29:59.985+05:30 DEBUG 18536 --- [auth-service] [           main] org.springframework.test.context.cache   : Spring test ApplicationContext cache statistics: [DefaultContextCache@3e6c6cdb size = 1, maxSize = 32, parentContextCount = 0, hitCount = 25, missCount = 1, failureCount = 0]
2026-03-01T12:29:59.986+05:30 DEBUG 18536 --- [auth-service] [           main] org.springframework.test.context.cache   : Spring test ApplicationContext cache statistics: [DefaultContextCache@3e6c6cdb size = 1, maxSize = 32, parentContextCount = 0, hitCount = 26, missCount = 1, failureCount = 0]
2026-03-01T12:29:59.986+05:30 DEBUG 18536 --- [auth-service] [           main] org.springframework.test.context.cache   : Spring test ApplicationContext cache statistics: [DefaultContextCache@3e6c6cdb size = 1, maxSize = 32, parentContextCount = 0, hitCount = 27, missCount = 1, failureCount = 0]
2026-03-01T12:29:59.986+05:30 DEBUG 18536 --- [auth-service] [           main] org.springframework.test.context.cache   : Spring test ApplicationContext cache statistics: [DefaultContextCache@3e6c6cdb size = 1, maxSize = 32, parentContextCount = 0, hitCount = 28, missCount = 1, failureCount = 0]
2026-03-01T12:29:59.986+05:30 DEBUG 18536 --- [auth-service] [           main] org.springframework.test.context.cache   : Spring test ApplicationContext cache statistics: [DefaultContextCache@3e6c6cdb size = 1, maxSize = 32, parentContextCount = 0, hitCount = 29, missCount = 1, failureCount = 0]
2026-03-01T12:29:59.987+05:30 DEBUG 18536 --- [auth-service] [           main] org.springframework.test.context.cache   : Spring test ApplicationContext cache statistics: [DefaultContextCache@3e6c6cdb size = 1, maxSize = 32, parentContextCount = 0, hitCount = 30, missCount = 1, failureCount = 0]
2026-03-01T12:29:59.987+05:30 DEBUG 18536 --- [auth-service] [           main] org.springframework.test.context.cache   : Spring test ApplicationContext cache statistics: [DefaultContextCache@3e6c6cdb size = 1, maxSize = 32, parentContextCount = 0, hitCount = 31, missCount = 1, failureCount = 0]
2026-03-01T12:29:59.987+05:30 DEBUG 18536 --- [auth-service] [           main] .c.s.DirtiesContextTestExecutionListener : After test method: class [AuthControllerTest], method [register_success], class annotated with @DirtiesContext [false] with mode [null], method annotated with @DirtiesContext [false] with mode [null]
2026-03-01T12:29:59.987+05:30 DEBUG 18536 --- [auth-service] [           main] o.s.t.c.w.ServletTestExecutionListener   : Resetting RequestContextHolder for test class com.claimswift.auth.AuthControllerTest
]]></system-out>
  </testcase>
  <testcase name="verify_mfa_success" classname="com.claimswift.auth.AuthControllerTest" time="0.032">
    <system-out><![CDATA[2026-03-01T12:29:59.988+05:30 DEBUG 18536 --- [auth-service] [           main] org.springframework.test.context.cache   : Spring test ApplicationContext cache statistics: [DefaultContextCache@3e6c6cdb size = 1, maxSize = 32, parentContextCount = 0, hitCount = 32, missCount = 1, failureCount = 0]
2026-03-01T12:29:59.988+05:30 DEBUG 18536 --- [auth-service] [           main] o.s.t.c.w.ServletTestExecutionListener   : Setting up MockHttpServletRequest, MockHttpServletResponse, ServletWebRequest, and RequestContextHolder for test class com.claimswift.auth.AuthControllerTest
2026-03-01T12:29:59.988+05:30 DEBUG 18536 --- [auth-service] [           main] org.springframework.test.context.cache   : Spring test ApplicationContext cache statistics: [DefaultContextCache@3e6c6cdb size = 1, maxSize = 32, parentContextCount = 0, hitCount = 33, missCount = 1, failureCount = 0]
2026-03-01T12:29:59.988+05:30 DEBUG 18536 --- [auth-service] [           main] DependencyInjectionTestExecutionListener : Performing dependency injection for test class com.claimswift.auth.AuthControllerTest
2026-03-01T12:29:59.988+05:30 DEBUG 18536 --- [auth-service] [           main] org.springframework.test.context.cache   : Spring test ApplicationContext cache statistics: [DefaultContextCache@3e6c6cdb size = 1, maxSize = 32, parentContextCount = 0, hitCount = 34, missCount = 1, failureCount = 0]
2026-03-01T12:29:59.989+05:30 DEBUG 18536 --- [auth-service] [           main] org.springframework.test.context.cache   : Spring test ApplicationContext cache statistics: [DefaultContextCache@3e6c6cdb size = 1, maxSize = 32, parentContextCount = 0, hitCount = 35, missCount = 1, failureCount = 0]
2026-03-01T12:29:59.990+05:30 DEBUG 18536 --- [auth-service] [           main] sContextBeforeModesTestExecutionListener : Before test method: class [AuthControllerTest], method [verify_mfa_success], class annotated with @DirtiesContext [false] with mode [null], method annotated with @DirtiesContext [false] with mode [null]
2026-03-01T12:29:59.991+05:30 DEBUG 18536 --- [auth-service] [           main] org.springframework.test.context.cache   : Spring test ApplicationContext cache statistics: [DefaultContextCache@3e6c6cdb size = 1, maxSize = 32, parentContextCount = 0, hitCount = 36, missCount = 1, failureCount = 0]
2026-03-01T12:29:59.992+05:30 DEBUG 18536 --- [auth-service] [           main] org.springframework.test.context.cache   : Spring test ApplicationContext cache statistics: [DefaultContextCache@3e6c6cdb size = 1, maxSize = 32, parentContextCount = 0, hitCount = 37, missCount = 1, failureCount = 0]
2026-03-01T12:29:59.993+05:30 DEBUG 18536 --- [auth-service] [           main] org.springframework.test.context.cache   : Spring test ApplicationContext cache statistics: [DefaultContextCache@3e6c6cdb size = 1, maxSize = 32, parentContextCount = 0, hitCount = 38, missCount = 1, failureCount = 0]
2026-03-01T12:29:59.995+05:30 DEBUG 18536 --- [auth-service] [           main] org.springframework.test.context.cache   : Spring test ApplicationContext cache statistics: [DefaultContextCache@3e6c6cdb size = 1, maxSize = 32, parentContextCount = 0, hitCount = 39, missCount = 1, failureCount = 0]
2026-03-01T12:29:59.997+05:30 DEBUG 18536 --- [auth-service] [           main] o.s.security.web.FilterChainProxy        : Securing POST /auth/verify-mfa
2026-03-01T12:29:59.999+05:30 DEBUG 18536 --- [auth-service] [           main] o.s.s.w.a.AnonymousAuthenticationFilter  : Set SecurityContextHolder to anonymous SecurityContext
2026-03-01T12:29:59.999+05:30 DEBUG 18536 --- [auth-service] [           main] o.s.security.web.FilterChainProxy        : Secured POST /auth/verify-mfa
2026-03-01T12:29:59.999+05:30 DEBUG 18536 --- [auth-service] [           main] o.s.t.web.servlet.TestDispatcherServlet  : POST "/auth/verify-mfa", parameters={}
2026-03-01T12:30:00.000+05:30 DEBUG 18536 --- [auth-service] [           main] s.w.s.m.m.a.RequestMappingHandlerMapping : Mapped to com.claimswift.auth.controller.AuthController#verify(MfaVerifyRequest)
2026-03-01T12:30:00.000+05:30 DEBUG 18536 --- [auth-service] [           main] o.j.s.OpenEntityManagerInViewInterceptor : Opening JPA EntityManager in OpenEntityManagerInViewInterceptor
2026-03-01T12:30:00.006+05:30 DEBUG 18536 --- [auth-service] [           main] m.m.a.RequestResponseBodyMethodProcessor : Read "application/json;charset=UTF-8" to [MfaVerifyRequest(username=user, code=123456)]
2026-03-01T12:30:00.014+05:30 DEBUG 18536 --- [auth-service] [           main] m.m.a.RequestResponseBodyMethodProcessor : Using 'application/json', given [*/*] and supported [application/json, application/*+json]
2026-03-01T12:30:00.014+05:30 DEBUG 18536 --- [auth-service] [           main] m.m.a.RequestResponseBodyMethodProcessor : Writing [AuthResponse(message=MFA Verified, username=user, roles=[USER], token=token123)]
2026-03-01T12:30:00.015+05:30 DEBUG 18536 --- [auth-service] [           main] o.j.s.OpenEntityManagerInViewInterceptor : Closing JPA EntityManager in OpenEntityManagerInViewInterceptor
2026-03-01T12:30:00.015+05:30 DEBUG 18536 --- [auth-service] [           main] o.s.t.web.servlet.TestDispatcherServlet  : Completed 200 OK
2026-03-01T12:30:00.018+05:30 DEBUG 18536 --- [auth-service] [           main] org.springframework.test.context.cache   : Spring test ApplicationContext cache statistics: [DefaultContextCache@3e6c6cdb size = 1, maxSize = 32, parentContextCount = 0, hitCount = 40, missCount = 1, failureCount = 0]
2026-03-01T12:30:00.018+05:30 DEBUG 18536 --- [auth-service] [           main] org.springframework.test.context.cache   : Spring test ApplicationContext cache statistics: [DefaultContextCache@3e6c6cdb size = 1, maxSize = 32, parentContextCount = 0, hitCount = 41, missCount = 1, failureCount = 0]
2026-03-01T12:30:00.019+05:30 DEBUG 18536 --- [auth-service] [           main] org.springframework.test.context.cache   : Spring test ApplicationContext cache statistics: [DefaultContextCache@3e6c6cdb size = 1, maxSize = 32, parentContextCount = 0, hitCount = 42, missCount = 1, failureCount = 0]
2026-03-01T12:30:00.019+05:30 DEBUG 18536 --- [auth-service] [           main] org.springframework.test.context.cache   : Spring test ApplicationContext cache statistics: [DefaultContextCache@3e6c6cdb size = 1, maxSize = 32, parentContextCount = 0, hitCount = 43, missCount = 1, failureCount = 0]
2026-03-01T12:30:00.020+05:30 DEBUG 18536 --- [auth-service] [           main] org.springframework.test.context.cache   : Spring test ApplicationContext cache statistics: [DefaultContextCache@3e6c6cdb size = 1, maxSize = 32, parentContextCount = 0, hitCount = 44, missCount = 1, failureCount = 0]
2026-03-01T12:30:00.020+05:30 DEBUG 18536 --- [auth-service] [           main] org.springframework.test.context.cache   : Spring test ApplicationContext cache statistics: [DefaultContextCache@3e6c6cdb size = 1, maxSize = 32, parentContextCount = 0, hitCount = 45, missCount = 1, failureCount = 0]
2026-03-01T12:30:00.021+05:30 DEBUG 18536 --- [auth-service] [           main] org.springframework.test.context.cache   : Spring test ApplicationContext cache statistics: [DefaultContextCache@3e6c6cdb size = 1, maxSize = 32, parentContextCount = 0, hitCount = 46, missCount = 1, failureCount = 0]
2026-03-01T12:30:00.021+05:30 DEBUG 18536 --- [auth-service] [           main] org.springframework.test.context.cache   : Spring test ApplicationContext cache statistics: [DefaultContextCache@3e6c6cdb size = 1, maxSize = 32, parentContextCount = 0, hitCount = 47, missCount = 1, failureCount = 0]
2026-03-01T12:30:00.021+05:30 DEBUG 18536 --- [auth-service] [           main] .c.s.DirtiesContextTestExecutionListener : After test method: class [AuthControllerTest], method [verify_mfa_success], class annotated with @DirtiesContext [false] with mode [null], method annotated with @DirtiesContext [false] with mode [null]
2026-03-01T12:30:00.021+05:30 DEBUG 18536 --- [auth-service] [           main] o.s.t.c.w.ServletTestExecutionListener   : Resetting RequestContextHolder for test class com.claimswift.auth.AuthControllerTest
]]></system-out>
  </testcase>
</testsuite>